This is LuaTeX, Version beta-0.80.0 (TeX Live 2015) (rev 5238)  (format=lualatex 2015.5.24)  7 JUL 2017 21:19
 restricted \write18 enabled.
**defense
(./defense.tex
LaTeX2e <2015/01/01>
Babel <3.9l> and hyphenation patterns for 79 languages loaded.
(/usr/local/texlive/2015/texmf-dist/tex/latex/beamer/beamer.cls
(/usr/local/texlive/2015/texmf-dist/tex/latex/beamer/beamerbasercs.sty
Package: beamerbasercs 2015/03/08 (rcs-revision 368aa9ba9d38)
)
Document Class: beamer 2015/01/05 3.36 A class for typesetting presentations (rc
s-revision 8a39122e1f63)
(/usr/local/texlive/2015/texmf-dist/tex/latex/beamer/beamerbasemodes.sty
Package: beamerbasemodes 2013/09/03 (rcs-revision 768f2d98ca64)
\beamer@tempbox=\box26
\beamer@tempcount=\count79
\c@beamerpauses=\count80

(/usr/local/texlive/2015/texmf-dist/tex/latex/beamer/beamerbasedecode.sty
Package: beamerbasedecode 2010/05/01 (rcs-revision efa082c6111d)
\beamer@slideinframe=\count81
\beamer@minimum=\count82
)
\beamer@commentbox=\box27
\beamer@modecount=\count83
)
(/usr/local/texlive/2015/texmf-dist/tex/generic/oberdiek/ifpdf.sty
Package: ifpdf 2011/01/30 v2.3 Provides the ifpdf switch (HO)
Package ifpdf Info: pdfTeX in PDF mode is detected.
)
\headheight=\dimen102
\headdp=\dimen103
\footheight=\dimen104
\sidebarheight=\dimen105
\beamer@tempdim=\dimen106
\beamer@finalheight=\dimen107
\beamer@animht=\dimen108
\beamer@animdp=\dimen109
\beamer@animwd=\dimen110
\beamer@leftmargin=\dimen111
\beamer@rightmargin=\dimen112
\beamer@leftsidebar=\dimen113
\beamer@rightsidebar=\dimen114
\beamer@boxsize=\dimen115
\beamer@vboxoffset=\dimen116
\beamer@descdefault=\dimen117
\beamer@descriptionwidth=\dimen118
\beamer@lastskip=\skip41
\beamer@areabox=\box28
\beamer@animcurrent=\box29
\beamer@animshowbox=\box30
\beamer@sectionbox=\box31
\beamer@logobox=\box32
\beamer@linebox=\box33
\beamer@sectioncount=\count84
\beamer@subsubsectionmax=\count85
\beamer@subsectionmax=\count86
\beamer@sectionmax=\count87
\beamer@totalheads=\count88
\beamer@headcounter=\count89
\beamer@partstartpage=\count90
\beamer@sectionstartpage=\count91
\beamer@subsectionstartpage=\count92
\beamer@animationtempa=\count93
\beamer@animationtempb=\count94
\beamer@xpos=\count95
\beamer@ypos=\count96
\beamer@showpartnumber=\count97
\beamer@currentsubsection=\count98
\beamer@coveringdepth=\count99
\beamer@sectionadjust=\count100
\beamer@tocsectionnumber=\count101

(/usr/local/texlive/2015/texmf-dist/tex/latex/beamer/beamerbaseoptions.sty
Package: beamerbaseoptions 2013/03/10 (rcs-revision 47431932db0d)

(/usr/local/texlive/2015/texmf-dist/tex/latex/graphics/keyval.sty
Package: keyval 2014/10/28 v1.15 key=value parser (DPC)
\KV@toks@=\toks14
))
\beamer@paperwidth=\skip42
\beamer@paperheight=\skip43

(/usr/local/texlive/2015/texmf-dist/tex/latex/geometry/geometry.sty
Package: geometry 2010/09/12 v5.6 Page Geometry

(/usr/local/texlive/2015/texmf-dist/tex/generic/oberdiek/ifvtex.sty
Package: ifvtex 2010/03/01 v1.5 Detect VTeX and its facilities (HO)
Package ifvtex Info: VTeX not detected.
)
(/usr/local/texlive/2015/texmf-dist/tex/generic/ifxetex/ifxetex.sty
Package: ifxetex 2010/09/12 v0.6 Provides ifxetex conditional
)
\Gm@cnth=\count102
\Gm@cntv=\count103
\c@Gm@tempcnt=\count104
\Gm@bindingoffset=\dimen119
\Gm@wd@mp=\dimen120
\Gm@odd@mp=\dimen121
\Gm@even@mp=\dimen122
\Gm@layoutwidth=\dimen123
\Gm@layoutheight=\dimen124
\Gm@layouthoffset=\dimen125
\Gm@layoutvoffset=\dimen126
\Gm@dimlist=\toks15
)
(/usr/local/texlive/2015/texmf-dist/tex/latex/extsizes/size9.clo
File: size9.clo 1999/11/11 v1.4a NON-Standard LaTeX file (size option)
)
(/usr/local/texlive/2015/texmf-dist/tex/latex/pgf/basiclayer/pgfcore.sty
(/usr/local/texlive/2015/texmf-dist/tex/latex/graphics/graphicx.sty
Package: graphicx 2014/10/28 v1.0g Enhanced LaTeX Graphics (DPC,SPQR)

(/usr/local/texlive/2015/texmf-dist/tex/latex/graphics/graphics.sty
Package: graphics 2014/10/28 v1.0p Standard LaTeX Graphics (DPC,SPQR)

(/usr/local/texlive/2015/texmf-dist/tex/latex/graphics/trig.sty
Package: trig 1999/03/16 v1.09 sin cos tan (DPC)
)
(/usr/local/texlive/2015/texmf-dist/tex/latex/latexconfig/graphics.cfg
File: graphics.cfg 2010/04/23 v1.9 graphics configuration of TeX Live
)
Package graphics Info: Driver file: pdftex.def on input line 94.

(/usr/local/texlive/2015/texmf-dist/tex/latex/pdftex-def/pdftex.def
File: pdftex.def 2011/05/27 v0.06d Graphics/color for pdfTeX

(/usr/local/texlive/2015/texmf-dist/tex/generic/oberdiek/infwarerr.sty
Package: infwarerr 2010/04/08 v1.3 Providing info/warning/error messages (HO)
)
(/usr/local/texlive/2015/texmf-dist/tex/generic/oberdiek/ltxcmds.sty
Package: ltxcmds 2011/11/09 v1.22 LaTeX kernel commands for general use (HO)
)
\Gread@gobject=\count105
))
\Gin@req@height=\dimen127
\Gin@req@width=\dimen128
)
(/usr/local/texlive/2015/texmf-dist/tex/latex/pgf/systemlayer/pgfsys.sty
(/usr/local/texlive/2015/texmf-dist/tex/latex/pgf/utilities/pgfrcs.sty
(/usr/local/texlive/2015/texmf-dist/tex/generic/pgf/utilities/pgfutil-common.te
x
\pgfutil@everybye=\toks16
\pgfutil@tempdima=\dimen129
\pgfutil@tempdimb=\dimen130

(/usr/local/texlive/2015/texmf-dist/tex/generic/pgf/utilities/pgfutil-common-li
sts.tex))
(/usr/local/texlive/2015/texmf-dist/tex/generic/pgf/utilities/pgfutil-latex.def
\pgfutil@abb=\box34
(/usr/local/texlive/2015/texmf-dist/tex/latex/ms/everyshi.sty
Package: everyshi 2001/05/15 v3.00 EveryShipout Package (MS)
))
(/usr/local/texlive/2015/texmf-dist/tex/generic/pgf/utilities/pgfrcs.code.tex
Package: pgfrcs 2013/12/20 v3.0.0 (rcs-revision 1.28)
))
(/usr/local/texlive/2015/texmf-dist/tex/generic/pgf/systemlayer/pgfsys.code.tex
Package: pgfsys 2013/11/30 v3.0.0 (rcs-revision 1.47)
(/usr/local/texlive/2015/texmf-dist/tex/generic/pgf/utilities/pgfkeys.code.tex
\pgfkeys@pathtoks=\toks17
\pgfkeys@temptoks=\toks18

(/usr/local/texlive/2015/texmf-dist/tex/generic/pgf/utilities/pgfkeysfiltered.c
ode.tex
\pgfkeys@tmptoks=\toks19
))
\pgf@x=\dimen131
\pgf@y=\dimen132
\pgf@xa=\dimen133
\pgf@ya=\dimen134
\pgf@xb=\dimen135
\pgf@yb=\dimen136
\pgf@xc=\dimen137
\pgf@yc=\dimen138
\w@pgf@writea=\write3
\r@pgf@reada=\read1
\c@pgf@counta=\count106
\c@pgf@countb=\count107
\c@pgf@countc=\count108
\c@pgf@countd=\count109
\t@pgf@toka=\toks20
\t@pgf@tokb=\toks21
\t@pgf@tokc=\toks22

(/usr/local/texlive/2015/texmf-dist/tex/generic/pgf/systemlayer/pgf.cfg
File: pgf.cfg 2008/05/14  (rcs-revision 1.7)
)
Driver file for pgf: pgfsys-pdftex.def

(/usr/local/texlive/2015/texmf-dist/tex/generic/pgf/systemlayer/pgfsys-pdftex.d
ef
File: pgfsys-pdftex.def 2013/07/18  (rcs-revision 1.33)

(/usr/local/texlive/2015/texmf-dist/tex/generic/pgf/systemlayer/pgfsys-common-p
df.def
File: pgfsys-common-pdf.def 2013/10/10  (rcs-revision 1.13)
)))
(/usr/local/texlive/2015/texmf-dist/tex/generic/pgf/systemlayer/pgfsyssoftpath.
code.tex
File: pgfsyssoftpath.code.tex 2013/09/09  (rcs-revision 1.9)
\pgfsyssoftpath@smallbuffer@items=\count110
\pgfsyssoftpath@bigbuffer@items=\count111
)
(/usr/local/texlive/2015/texmf-dist/tex/generic/pgf/systemlayer/pgfsysprotocol.
code.tex
File: pgfsysprotocol.code.tex 2006/10/16  (rcs-revision 1.4)
)) (/usr/local/texlive/2015/texmf-dist/tex/latex/xcolor/xcolor.sty
Package: xcolor 2007/01/21 v2.11 LaTeX color extensions (UK)

(/usr/local/texlive/2015/texmf-dist/tex/latex/latexconfig/color.cfg
File: color.cfg 2007/01/18 v1.5 color configuration of teTeX/TeXLive
)
Package xcolor Info: Driver file: pdftex.def on input line 225.
Package xcolor Info: Model `cmy' substituted by `cmy0' on input line 1337.
Package xcolor Info: Model `hsb' substituted by `rgb' on input line 1341.
Package xcolor Info: Model `RGB' extended on input line 1353.
Package xcolor Info: Model `HTML' substituted by `rgb' on input line 1355.
Package xcolor Info: Model `Hsb' substituted by `hsb' on input line 1356.
Package xcolor Info: Model `tHsb' substituted by `hsb' on input line 1357.
Package xcolor Info: Model `HSB' substituted by `hsb' on input line 1358.
Package xcolor Info: Model `Gray' substituted by `gray' on input line 1359.
Package xcolor Info: Model `wave' substituted by `hsb' on input line 1360.
)
(/usr/local/texlive/2015/texmf-dist/tex/generic/pgf/basiclayer/pgfcore.code.tex
Package: pgfcore 2010/04/11 v3.0.0 (rcs-revision 1.7)
(/usr/local/texlive/2015/texmf-dist/tex/generic/pgf/math/pgfmath.code.tex
(/usr/local/texlive/2015/texmf-dist/tex/generic/pgf/math/pgfmathcalc.code.tex
(/usr/local/texlive/2015/texmf-dist/tex/generic/pgf/math/pgfmathutil.code.tex)
(/usr/local/texlive/2015/texmf-dist/tex/generic/pgf/math/pgfmathparser.code.tex
\pgfmath@dimen=\dimen139
\pgfmath@count=\count112
\pgfmath@box=\box35
\pgfmath@toks=\toks23
\pgfmath@stack@operand=\toks24
\pgfmath@stack@operation=\toks25
)
(/usr/local/texlive/2015/texmf-dist/tex/generic/pgf/math/pgfmathfunctions.code.
tex
(/usr/local/texlive/2015/texmf-dist/tex/generic/pgf/math/pgfmathfunctions.basic
.code.tex)
(/usr/local/texlive/2015/texmf-dist/tex/generic/pgf/math/pgfmathfunctions.trigo
nometric.code.tex)
(/usr/local/texlive/2015/texmf-dist/tex/generic/pgf/math/pgfmathfunctions.rando
m.code.tex)
(/usr/local/texlive/2015/texmf-dist/tex/generic/pgf/math/pgfmathfunctions.compa
rison.code.tex)
(/usr/local/texlive/2015/texmf-dist/tex/generic/pgf/math/pgfmathfunctions.base.
code.tex)
(/usr/local/texlive/2015/texmf-dist/tex/generic/pgf/math/pgfmathfunctions.round
.code.tex)
(/usr/local/texlive/2015/texmf-dist/tex/generic/pgf/math/pgfmathfunctions.misc.
code.tex)
(/usr/local/texlive/2015/texmf-dist/tex/generic/pgf/math/pgfmathfunctions.integ
erarithmetics.code.tex)))
(/usr/local/texlive/2015/texmf-dist/tex/generic/pgf/math/pgfmathfloat.code.tex
\c@pgfmathroundto@lastzeros=\count113
))
(/usr/local/texlive/2015/texmf-dist/tex/generic/pgf/basiclayer/pgfcorepoints.co
de.tex
File: pgfcorepoints.code.tex 2013/10/07  (rcs-revision 1.27)
\pgf@picminx=\dimen140
\pgf@picmaxx=\dimen141
\pgf@picminy=\dimen142
\pgf@picmaxy=\dimen143
\pgf@pathminx=\dimen144
\pgf@pathmaxx=\dimen145
\pgf@pathminy=\dimen146
\pgf@pathmaxy=\dimen147
\pgf@xx=\dimen148
\pgf@xy=\dimen149
\pgf@yx=\dimen150
\pgf@yy=\dimen151
\pgf@zx=\dimen152
\pgf@zy=\dimen153
)
(/usr/local/texlive/2015/texmf-dist/tex/generic/pgf/basiclayer/pgfcorepathconst
ruct.code.tex
File: pgfcorepathconstruct.code.tex 2013/10/07  (rcs-revision 1.29)
\pgf@path@lastx=\dimen154
\pgf@path@lasty=\dimen155
)
(/usr/local/texlive/2015/texmf-dist/tex/generic/pgf/basiclayer/pgfcorepathusage
.code.tex
File: pgfcorepathusage.code.tex 2013/12/13  (rcs-revision 1.23)
\pgf@shorten@end@additional=\dimen156
\pgf@shorten@start@additional=\dimen157
)
(/usr/local/texlive/2015/texmf-dist/tex/generic/pgf/basiclayer/pgfcorescopes.co
de.tex
File: pgfcorescopes.code.tex 2013/10/09  (rcs-revision 1.44)
\pgfpic=\box36
\pgf@hbox=\box37
\pgf@layerbox@main=\box38
\pgf@picture@serial@count=\count114
)
(/usr/local/texlive/2015/texmf-dist/tex/generic/pgf/basiclayer/pgfcoregraphicst
ate.code.tex
File: pgfcoregraphicstate.code.tex 2013/09/19  (rcs-revision 1.11)
\pgflinewidth=\dimen158
)
(/usr/local/texlive/2015/texmf-dist/tex/generic/pgf/basiclayer/pgfcoretransform
ations.code.tex
File: pgfcoretransformations.code.tex 2013/10/10  (rcs-revision 1.17)
\pgf@pt@x=\dimen159
\pgf@pt@y=\dimen160
\pgf@pt@temp=\dimen161
)
(/usr/local/texlive/2015/texmf-dist/tex/generic/pgf/basiclayer/pgfcorequick.cod
e.tex
File: pgfcorequick.code.tex 2008/10/09  (rcs-revision 1.3)
)
(/usr/local/texlive/2015/texmf-dist/tex/generic/pgf/basiclayer/pgfcoreobjects.c
ode.tex
File: pgfcoreobjects.code.tex 2006/10/11  (rcs-revision 1.2)
)
(/usr/local/texlive/2015/texmf-dist/tex/generic/pgf/basiclayer/pgfcorepathproce
ssing.code.tex
File: pgfcorepathprocessing.code.tex 2013/09/09  (rcs-revision 1.9)
)
(/usr/local/texlive/2015/texmf-dist/tex/generic/pgf/basiclayer/pgfcorearrows.co
de.tex
File: pgfcorearrows.code.tex 2013/11/07  (rcs-revision 1.40)
\pgfarrowsep=\dimen162
)
(/usr/local/texlive/2015/texmf-dist/tex/generic/pgf/basiclayer/pgfcoreshade.cod
e.tex
File: pgfcoreshade.code.tex 2013/07/15  (rcs-revision 1.15)
\pgf@max=\dimen163
\pgf@sys@shading@range@num=\count115
)
(/usr/local/texlive/2015/texmf-dist/tex/generic/pgf/basiclayer/pgfcoreimage.cod
e.tex
File: pgfcoreimage.code.tex 2013/07/15  (rcs-revision 1.18)

(/usr/local/texlive/2015/texmf-dist/tex/generic/pgf/basiclayer/pgfcoreexternal.
code.tex
File: pgfcoreexternal.code.tex 2013/07/15  (rcs-revision 1.20)
\pgfexternal@startupbox=\box39
))
(/usr/local/texlive/2015/texmf-dist/tex/generic/pgf/basiclayer/pgfcorelayers.co
de.tex
File: pgfcorelayers.code.tex 2013/07/18  (rcs-revision 1.7)
)
(/usr/local/texlive/2015/texmf-dist/tex/generic/pgf/basiclayer/pgfcoretranspare
ncy.code.tex
File: pgfcoretransparency.code.tex 2013/09/30  (rcs-revision 1.5)
)
(/usr/local/texlive/2015/texmf-dist/tex/generic/pgf/basiclayer/pgfcorepatterns.
code.tex
File: pgfcorepatterns.code.tex 2013/11/07  (rcs-revision 1.5)
)))
(/usr/local/texlive/2015/texmf-dist/tex/latex/pgf/utilities/xxcolor.sty
Package: xxcolor 2003/10/24 ver 0.1
\XC@nummixins=\count116
\XC@countmixins=\count117
)
(/usr/local/texlive/2015/texmf-dist/tex/generic/oberdiek/atbegshi.sty
Package: atbegshi 2011/10/05 v1.16 At begin shipout hook (HO)
)
(/usr/local/texlive/2015/texmf-dist/tex/latex/hyperref/hyperref.sty
Package: hyperref 2012/11/06 v6.83m Hypertext links for LaTeX

(/usr/local/texlive/2015/texmf-dist/tex/generic/oberdiek/hobsub-hyperref.sty
Package: hobsub-hyperref 2012/05/28 v1.13 Bundle oberdiek, subset hyperref (HO)

(/usr/local/texlive/2015/texmf-dist/tex/generic/oberdiek/hobsub-generic.sty
Package: hobsub-generic 2012/05/28 v1.13 Bundle oberdiek, subset generic (HO)
Package: hobsub 2012/05/28 v1.13 Construct package bundles (HO)
Package hobsub Info: Skipping package `infwarerr' (already loaded).
Package hobsub Info: Skipping package `ltxcmds' (already loaded).
Package: ifluatex 2010/03/01 v1.3 Provides the ifluatex switch (HO)
Package ifluatex Info: LuaTeX detected.
Package hobsub Info: Skipping package `ifvtex' (already loaded).
Package: intcalc 2007/09/27 v1.1 Expandable calculations with integers (HO)
Package hobsub Info: Skipping package `ifpdf' (already loaded).
Package: etexcmds 2011/02/16 v1.5 Avoid name clashes with e-TeX commands (HO)
Package: kvsetkeys 2012/04/25 v1.16 Key value parser (HO)
Package: kvdefinekeys 2011/04/07 v1.3 Define keys (HO)
Package: luatex-loader 2010/03/09 v0.4 Lua module loader (HO)

(/usr/local/texlive/2015/texmf-dist/scripts/oberdiek/oberdiek.luatex.lua)
Package: pdftexcmds 2011/11/29 v0.20 Utility functions of pdfTeX for LuaTeX (HO)

Package pdftexcmds Info: \pdf@primitive is available.
Package pdftexcmds Info: \pdf@ifprimitive is available.
Package pdftexcmds Info: \pdfdraftmode found.
\pdftexcmds@toks=\toks26
Package: pdfescape 2011/11/25 v1.13 Implements pdfTeX's escape features (HO)
Package: bigintcalc 2012/04/08 v1.3 Expandable calculations on big integers (HO)

Package: bitset 2011/01/30 v1.1 Handle bit-vector datatype (HO)
Package: uniquecounter 2011/01/30 v1.2 Provide unlimited unique counter (HO)
)
Package hobsub Info: Skipping package `hobsub' (already loaded).
Package: letltxmacro 2010/09/02 v1.4 Let assignment for LaTeX macros (HO)
Package: hopatch 2012/05/28 v1.2 Wrapper for package hooks (HO)
Package: xcolor-patch 2011/01/30 xcolor patch
Package: atveryend 2011/06/30 v1.8 Hooks at the very end of document (HO)
Package atveryend Info: \enddocument detected (standard20110627).
Package hobsub Info: Skipping package `atbegshi' (already loaded).
Package: refcount 2011/10/16 v3.4 Data extraction from label references (HO)
Package: hycolor 2011/01/30 v1.7 Color options for hyperref/bookmark (HO)
)
(/usr/local/texlive/2015/texmf-dist/tex/latex/oberdiek/auxhook.sty
Package: auxhook 2011/03/04 v1.3 Hooks for auxiliary files (HO)
)
(/usr/local/texlive/2015/texmf-dist/tex/latex/oberdiek/kvoptions.sty
Package: kvoptions 2011/06/30 v3.11 Key value format for package options (HO)
)
\@linkdim=\dimen164
\Hy@linkcounter=\count118
\Hy@pagecounter=\count119

(/usr/local/texlive/2015/texmf-dist/tex/latex/hyperref/pd1enc.def
File: pd1enc.def 2012/11/06 v6.83m Hyperref: PDFDocEncoding definition (HO)
)
\Hy@SavedSpaceFactor=\count120

(/usr/local/texlive/2015/texmf-dist/tex/latex/latexconfig/hyperref.cfg
File: hyperref.cfg 2002/06/06 v1.2 hyperref configuration of TeXLive
)
Package hyperref Info: Option `bookmarks' set `true' on input line 4319.
Package hyperref Info: Option `bookmarksopen' set `true' on input line 4319.
Package hyperref Info: Option `implicit' set `false' on input line 4319.
Package hyperref Info: Hyper figures OFF on input line 4443.
Package hyperref Info: Link nesting OFF on input line 4448.
Package hyperref Info: Hyper index ON on input line 4451.
Package hyperref Info: Plain pages OFF on input line 4458.
Package hyperref Info: Backreferencing OFF on input line 4463.
Package hyperref Info: Implicit mode OFF; no redefinition of LaTeX internals.
Package hyperref Info: Bookmarks ON on input line 4688.
\c@Hy@tempcnt=\count121

(/usr/local/texlive/2015/texmf-dist/tex/latex/url/url.sty
\Urlmuskip=\muskip10
Package: url 2013/09/16  ver 3.4  Verb mode for urls, etc.
)
LaTeX Info: Redefining \url on input line 5041.
\XeTeXLinkMargin=\dimen165
\Fld@menulength=\count122
\Field@Width=\dimen166
\Fld@charsize=\dimen167
Package hyperref Info: Hyper figures OFF on input line 6295.
Package hyperref Info: Link nesting OFF on input line 6300.
Package hyperref Info: Hyper index ON on input line 6303.
Package hyperref Info: backreferencing OFF on input line 6310.
Package hyperref Info: Link coloring OFF on input line 6315.
Package hyperref Info: Link coloring with OCG OFF on input line 6320.
Package hyperref Info: PDF/A mode OFF on input line 6325.
LaTeX Info: Redefining \ref on input line 6365.
LaTeX Info: Redefining \pageref on input line 6369.
\Hy@abspage=\count123


Package hyperref Message: Stopped early.

)

Package hyperref Message: Driver (autodetected): hpdftex.

(/usr/local/texlive/2015/texmf-dist/tex/latex/hyperref/hpdftex.def
File: hpdftex.def 2012/11/06 v6.83m Hyperref driver for pdfTeX
\Fld@listcount=\count124
\c@bookmark@seq@number=\count125

(/usr/local/texlive/2015/texmf-dist/tex/latex/oberdiek/rerunfilecheck.sty
Package: rerunfilecheck 2011/04/15 v1.7 Rerun checks for auxiliary files (HO)
Package uniquecounter Info: New unique counter `rerunfilecheck' on input line 28
2.
))
(/usr/local/texlive/2015/texmf-dist/tex/latex/beamer/beamerbaserequires.sty
Package: beamerbaserequires 2010/05/01  (rcs-revision efa082c6111d)

(/usr/local/texlive/2015/texmf-dist/tex/latex/beamer/beamerbasecompatibility.st
y
Package: beamerbasecompatibility 2012/05/01  (rcs-revision 67c48b3b652d)
) (/usr/local/texlive/2015/texmf-dist/tex/latex/beamer/beamerbasefont.sty
Package: beamerbasefont 2015/01/05  (rcs-revision b4b4bee242e2)

(/usr/local/texlive/2015/texmf-dist/tex/latex/amsfonts/amssymb.sty
Package: amssymb 2013/01/14 v3.01 AMS font symbols

(/usr/local/texlive/2015/texmf-dist/tex/latex/amsfonts/amsfonts.sty
Package: amsfonts 2013/01/14 v3.01 Basic AMSFonts support
\@emptytoks=\toks27
\symAMSa=\mathgroup4
\symAMSb=\mathgroup5
LaTeX Font Info:    Overwriting math alphabet `\mathfrak' in version `bold'
(Font)                  U/euf/m/n --> U/euf/b/n on input line 106.
))
(/usr/local/texlive/2015/texmf-dist/tex/latex/sansmathaccent/sansmathaccent.sty
Package: sansmathaccent 2013/03/28
(/usr/local/texlive/2015/texmf-dist/tex/latex/filehook/filehook.sty
Package: filehook 2011/10/12 v0.5d Hooks for input files
)))
(/usr/local/texlive/2015/texmf-dist/tex/latex/beamer/beamerbasetranslator.sty
Package: beamerbasetranslator 2010/06/11  (rcs-revision 85fd1cc7fc42)

(/usr/local/texlive/2015/texmf-dist/tex/latex/beamer/translator/translator.sty
Package: translator 2010/06/12 ver 1.10

(/usr/local/texlive/2015/texmf-dist/tex/latex/beamer/translator/translator-lang
uage-mappings.tex)))
(/usr/local/texlive/2015/texmf-dist/tex/latex/beamer/beamerbasemisc.sty
Package: beamerbasemisc 2013/09/03  (rcs-revision a55719c41d85)
)
(/usr/local/texlive/2015/texmf-dist/tex/latex/beamer/beamerbasetwoscreens.sty
Package: beamerbasetwoscreens 2010/05/01  (rcs-revision efa082c6111d)
)
(/usr/local/texlive/2015/texmf-dist/tex/latex/beamer/beamerbaseoverlay.sty
Package: beamerbaseoverlay 2013/12/25  (rcs-revision f6bd5e3805da)
\beamer@argscount=\count126
\beamer@lastskipcover=\skip44
\beamer@trivlistdepth=\count127
)
(/usr/local/texlive/2015/texmf-dist/tex/latex/beamer/beamerbasetitle.sty
Package: beamerbasetitle 2010/09/21  (rcs-revision f0446ed0b6ae)
)
(/usr/local/texlive/2015/texmf-dist/tex/latex/beamer/beamerbasesection.sty
Package: beamerbasesection 2013/06/07  (rcs-revision 60b9fe0f342f)
\c@lecture=\count128
\c@part=\count129
\c@section=\count130
\c@subsection=\count131
\c@subsubsection=\count132
)
(/usr/local/texlive/2015/texmf-dist/tex/latex/beamer/beamerbaseframe.sty
Package: beamerbaseframe 2014/02/20  (rcs-revision 4b8ceeeff434)
\beamer@framebox=\box40
\beamer@frametitlebox=\box41
\beamer@zoombox=\box42
\beamer@zoomcount=\count133
\beamer@zoomframecount=\count134
\beamer@frametextheight=\dimen168
\c@subsectionslide=\count135
\beamer@frametopskip=\skip45
\beamer@framebottomskip=\skip46
\beamer@frametopskipautobreak=\skip47
\beamer@framebottomskipautobreak=\skip48
\beamer@envbody=\toks28
\framewidth=\dimen169
\c@framenumber=\count136
)
(/usr/local/texlive/2015/texmf-dist/tex/latex/beamer/beamerbaseverbatim.sty
Package: beamerbaseverbatim 2015/01/05  (rcs-revision 431510bb5890)
\beamer@verbatimfileout=\write4
)
(/usr/local/texlive/2015/texmf-dist/tex/latex/beamer/beamerbaseframesize.sty
Package: beamerbaseframesize 2011/09/12  (rcs-revision 70f9d8411e54)
\beamer@splitbox=\box43
\beamer@autobreakcount=\count137
\beamer@autobreaklastheight=\dimen170
\beamer@frametitletoks=\toks29
\beamer@framesubtitletoks=\toks30
)
(/usr/local/texlive/2015/texmf-dist/tex/latex/beamer/beamerbaseframecomponents.
sty
Package: beamerbaseframecomponents 2013/10/18  (rcs-revision 5cf6c5555a45)
\beamer@footins=\box44
) (/usr/local/texlive/2015/texmf-dist/tex/latex/beamer/beamerbasecolor.sty
Package: beamerbasecolor 2015/02/21  (rcs-revision d944b04ee2d5)
)
(/usr/local/texlive/2015/texmf-dist/tex/latex/beamer/beamerbasenotes.sty
Package: beamerbasenotes 2012/12/19  (rcs-revision 1686da3db3c9)
\beamer@frameboxcopy=\box45
)
(/usr/local/texlive/2015/texmf-dist/tex/latex/beamer/beamerbasetoc.sty
Package: beamerbasetoc 2015/03/08  (rcs-revision 7270298bbaae)
)
(/usr/local/texlive/2015/texmf-dist/tex/latex/beamer/beamerbasetemplates.sty
Package: beamerbasetemplates 2010/05/01  (rcs-revision efa082c6111d)
\beamer@sbttoks=\toks31

(/usr/local/texlive/2015/texmf-dist/tex/latex/beamer/beamerbaseauxtemplates.sty
Package: beamerbaseauxtemplates 2014/06/30  (rcs-revision 580088513a67)
(/usr/local/texlive/2015/texmf-dist/tex/latex/beamer/beamerbaseboxes.sty
Package: beamerbaseboxes 2012/05/13  (rcs-revision 56972908a390)
\bmb@box=\box46
\bmb@colorbox=\box47
\bmb@boxshadow=\box48
\bmb@boxshadowball=\box49
\bmb@boxshadowballlarge=\box50
\bmb@temp=\dimen171
\bmb@dima=\dimen172
\bmb@dimb=\dimen173
\bmb@prevheight=\dimen174
)
\beamer@blockheadheight=\dimen175
))
(/usr/local/texlive/2015/texmf-dist/tex/latex/beamer/beamerbaselocalstructure.s
ty
Package: beamerbaselocalstructure 2014/09/10  (rcs-revision 393f6dcff371)
 (/usr/local/texlive/2015/texmf-dist/tex/latex/tools/enumerate.sty
Package: enumerate 2014/10/28 v3.00 enumerate extensions (DPC)
\@enLab=\toks32
)
\c@figure=\count138
\c@table=\count139
\abovecaptionskip=\skip49
\belowcaptionskip=\skip50
)
(/usr/local/texlive/2015/texmf-dist/tex/latex/beamer/beamerbasenavigation.sty
Package: beamerbasenavigation 2015/02/27  (rcs-revision 923f4bf87efa)
\beamer@section@min@dim=\dimen176
)
(/usr/local/texlive/2015/texmf-dist/tex/latex/beamer/beamerbasetheorems.sty
Package: beamerbasetheorems 2010/06/06  (rcs-revision 7e7cc5e53e9d)

(/usr/local/texlive/2015/texmf-dist/tex/latex/amsmath/amsmath.sty
Package: amsmath 2013/01/14 v2.14 AMS math features
\@mathmargin=\skip51

For additional information on amsmath, use the `?' option.
(/usr/local/texlive/2015/texmf-dist/tex/latex/amsmath/amstext.sty
Package: amstext 2000/06/29 v2.01

(/usr/local/texlive/2015/texmf-dist/tex/latex/amsmath/amsgen.sty
File: amsgen.sty 1999/11/30 v2.0
\@emptytoks=\toks33
\ex@=\dimen177
))
(/usr/local/texlive/2015/texmf-dist/tex/latex/amsmath/amsbsy.sty
Package: amsbsy 1999/11/29 v1.2d
\pmbraise@=\dimen178
)
(/usr/local/texlive/2015/texmf-dist/tex/latex/amsmath/amsopn.sty
Package: amsopn 1999/12/14 v2.01 operator names
)
\inf@bad=\count140
LaTeX Info: Redefining \frac on input line 210.
\uproot@=\count141
\leftroot@=\count142
LaTeX Info: Redefining \overline on input line 306.
\classnum@=\count143
\DOTSCASE@=\count144
LaTeX Info: Redefining \ldots on input line 378.
LaTeX Info: Redefining \dots on input line 381.
LaTeX Info: Redefining \cdots on input line 466.
\Mathstrutbox@=\box51
\strutbox@=\box52
\big@size=\dimen179
LaTeX Font Info:    Redeclaring font encoding OML on input line 566.
LaTeX Font Info:    Redeclaring font encoding OMS on input line 567.
\macc@depth=\count145
\c@MaxMatrixCols=\count146
\dotsspace@=\muskip11
\c@parentequation=\count147
\dspbrk@lvl=\count148
\tag@help=\toks34
\row@=\count149
\column@=\count150
\maxfields@=\count151
\andhelp@=\toks35
\eqnshift@=\dimen180
\alignsep@=\dimen181
\tagshift@=\dimen182
\tagwidth@=\dimen183
\totwidth@=\dimen184
\lineht@=\dimen185
\@envbody=\toks36
\multlinegap=\skip52
\multlinetaggap=\skip53
\mathdisplay@stack=\toks37
LaTeX Info: Redefining \[ on input line 2665.
LaTeX Info: Redefining \] on input line 2666.
)
(/usr/local/texlive/2015/texmf-dist/tex/latex/amscls/amsthm.sty
Package: amsthm 2015/03/04 v2.20.2
\thm@style=\toks38
\thm@bodyfont=\toks39
\thm@headfont=\toks40
\thm@notefont=\toks41
\thm@headpunct=\toks42
\thm@preskip=\skip54
\thm@postskip=\skip55
\thm@headsep=\skip56
\dth@everypar=\toks43
)
\c@theorem=\count152
)
(/usr/local/texlive/2015/texmf-dist/tex/latex/beamer/beamerbasethemes.sty
Package: beamerbasethemes 2010/05/01  (rcs-revision efa082c6111d)
))
(/usr/local/texlive/2015/texmf-dist/tex/latex/beamer/themes/theme/beamerthemede
fault.sty
Package: beamerthemedefault 2010/06/17  (rcs-revision d02a7cf4d8ae)

(/usr/local/texlive/2015/texmf-dist/tex/latex/beamer/themes/font/beamerfontthem
edefault.sty
Package: beamerfontthemedefault 2012/12/19  (rcs-revision 1686da3db3c9)
)
(/usr/local/texlive/2015/texmf-dist/tex/latex/beamer/themes/color/beamercolorth
emedefault.sty
Package: beamercolorthemedefault 2012/12/19  (rcs-revision 1686da3db3c9)
)
(/usr/local/texlive/2015/texmf-dist/tex/latex/beamer/themes/inner/beamerinnerth
emedefault.sty
Package: beamerinnerthemedefault 2014/06/30  (rcs-revision 580088513a67)
\beamer@dima=\dimen186
\beamer@dimb=\dimen187
)
(/usr/local/texlive/2015/texmf-dist/tex/latex/beamer/themes/outer/beamerouterth
emedefault.sty
Package: beamerouterthemedefault 2012/12/19  (rcs-revision 1686da3db3c9)
)))
(/usr/local/texlive/2015/texmf-dist/tex/latex/beamer/themes/theme/beamerthemeWa
rsaw.sty
Package: beamerthemeWarsaw 2010/06/17  (rcs-revision d02a7cf4d8ae)

(/usr/local/texlive/2015/texmf-dist/tex/latex/beamer/themes/inner/beamerinnerth
emerounded.sty
Package: beamerinnerthemerounded 2010/06/17  (rcs-revision d02a7cf4d8ae)
)
(/usr/local/texlive/2015/texmf-dist/tex/latex/beamer/themes/outer/beamerouterth
emeshadow.sty
Package: beamerouterthemeshadow 2010/06/17  (rcs-revision d02a7cf4d8ae)

(/usr/local/texlive/2015/texmf-dist/tex/latex/beamer/themes/outer/beamerouterth
emesplit.sty
Package: beamerouterthemesplit 2012/10/16  (rcs-revision 51a8c72084af)
))
(/usr/local/texlive/2015/texmf-dist/tex/latex/beamer/themes/color/beamercolorth
emeorchid.sty
Package: beamercolorthemeorchid 2010/06/17  (rcs-revision d02a7cf4d8ae)
)
(/usr/local/texlive/2015/texmf-dist/tex/latex/beamer/themes/color/beamercolorth
emewhale.sty
Package: beamercolorthemewhale 2010/06/17  (rcs-revision d02a7cf4d8ae)
)) (/usr/local/texlive/2015/texmf-dist/tex/generic/babel/babel.sty
Package: babel 2014/09/25 3.9l The Babel package

(/usr/local/texlive/2015/texmf-dist/tex/generic/babel-english/english.ldf
Language: english 2012/08/20 v3.3p English support from the babel system

(/usr/local/texlive/2015/texmf-dist/tex/generic/babel/babel.def
File: babel.def 2014/09/25 3.9l Babel common definitions
\babel@savecnt=\count153
\U@D=\dimen188

(/usr/local/texlive/2015/texmf-dist/tex/generic/babel/luababel.def
luatex-hyphen: using data file: /usr/local/texlive/2015/texmf-var/tex/generic/co
nfig/language.dat.lua)
LaTeX Info: Redefining \textlatin on input line 1431.
)
\l@canadian = a dialect from \language\l@american 
\l@australian = a dialect from \language\l@british 
\l@newzealand = a dialect from \language\l@british 
))
(/usr/local/texlive/2015/texmf-dist/tex/latex/psnfss/times.sty
Package: times 2005/04/12 PSNFSS-v9.2a (SPQR) 
)
(/usr/local/texlive/2015/texmf-dist/tex/latex/base/fontenc.sty
Package: fontenc 2005/09/27 v1.99g Standard LaTeX package

(/usr/local/texlive/2015/texmf-dist/tex/latex/base/t1enc.def
File: t1enc.def 2005/09/27 v1.99g Standard LaTeX file
LaTeX Font Info:    Redeclaring font encoding T1 on input line 48.
))
(/usr/local/texlive/2015/texmf-dist/tex/latex/subfigure/subfigure.sty
Package: subfigure 2002/03/15 v2.1.5 subfigure package
\subfigtopskip=\skip57
\subfigcapskip=\skip58
\subfigcaptopadj=\dimen189
\subfigbottomskip=\skip59
\subfigcapmargin=\dimen190
\subfiglabelskip=\skip60
\c@subfigure=\count154
\c@lofdepth=\count155
\c@subtable=\count156
\c@lotdepth=\count157

****************************************
* Local config file subfigure.cfg used *
****************************************
(/usr/local/texlive/2015/texmf-dist/tex/latex/subfigure/subfigure.cfg)
\subfig@top=\skip61
\subfig@bottom=\skip62
)
(/usr/local/texlive/2015/texmf-dist/tex/latex/siunitx/siunitx.sty
(/usr/local/texlive/2015/texmf-dist/tex/latex/l3kernel/expl3.sty
Package: expl3 2015/03/01 v5547 L3 programming layer (loader) 

(/usr/local/texlive/2015/texmf-dist/tex/latex/l3kernel/expl3-code.tex
Package: expl3 2015/03/01 v5547 L3 programming layer (code) 
L3 Module: l3bootstrap 2015/02/28 v5542 L3 Bootstrap code
L3 Module: l3names 2015/02/24 v5535 L3 Namespace for primitives
L3 Module: l3basics 2015/01/27 v5500 L3 Basic definitions
L3 Module: l3expan 2014/11/27 v5472 L3 Argument expansion
L3 Module: l3tl 2015/01/27 v5500 L3 Token lists
L3 Module: l3str 2015/03/01 v5545 L3 Strings
L3 Module: l3seq 2014/08/23 v5354 L3 Sequences and stacks
L3 Module: l3int 2015/02/21 v5529 L3 Integers
\c_max_int=\count158
\l_tmpa_int=\count159
\l_tmpb_int=\count160
\g_tmpa_int=\count161
\g_tmpb_int=\count162
L3 Module: l3quark 2014/08/23 v5354 L3 Quarks
L3 Module: l3prg 2014/08/23 v5354 L3 Control structures
\g__prg_map_int=\count163
L3 Module: l3clist 2014/08/23 v5354 L3 Comma separated lists
L3 Module: l3token 2014/09/15 v5422 L3 Experimental token manipulation
L3 Module: l3prop 2014/08/23 v5354 L3 Property lists
L3 Module: l3msg 2015/02/26 v5537 L3 Messages
L3 Module: l3file 2014/08/24 v5369 L3 File and I/O operations
\l_iow_line_count_int=\count164
\l__iow_target_count_int=\count165
\l__iow_current_line_int=\count166
\l__iow_current_word_int=\count167
\l__iow_current_indentation_int=\count168
L3 Module: l3skip 2014/08/23 v5354 L3 Dimensions and skips
\c_zero_dim=\dimen191
\c_max_dim=\dimen192
\l_tmpa_dim=\dimen193
\l_tmpb_dim=\dimen194
\g_tmpa_dim=\dimen195
\g_tmpb_dim=\dimen196
\c_zero_skip=\skip63
\c_max_skip=\skip64
\l_tmpa_skip=\skip65
\l_tmpb_skip=\skip66
\g_tmpa_skip=\skip67
\g_tmpb_skip=\skip68
\c_zero_muskip=\muskip12
\c_max_muskip=\muskip13
\l_tmpa_muskip=\muskip14
\l_tmpb_muskip=\muskip15
\g_tmpa_muskip=\muskip16
\g_tmpb_muskip=\muskip17
L3 Module: l3keys 2015/01/27 v5500 L3 Key-value interfaces
\g__keyval_level_int=\count169
\l_keys_choice_int=\count170
L3 Module: l3fp 2014/08/22 v5336 L3 Floating points
\c__fp_leading_shift_int=\count171
\c__fp_middle_shift_int=\count172
\c__fp_trailing_shift_int=\count173
\c__fp_big_leading_shift_int=\count174
\c__fp_big_middle_shift_int=\count175
\c__fp_big_trailing_shift_int=\count176
\c__fp_Bigg_leading_shift_int=\count177
\c__fp_Bigg_middle_shift_int=\count178
\c__fp_Bigg_trailing_shift_int=\count179
L3 Module: l3box 2014/08/23 v5354 L3 Experimental boxes
\c_empty_box=\box53
\l_tmpa_box=\box54
\l_tmpb_box=\box55
\g_tmpa_box=\box56
\g_tmpb_box=\box57
L3 Module: l3coffins 2014/08/23 v5354 L3 Coffin code layer
\l__coffin_internal_box=\box58
\l__coffin_internal_dim=\dimen197
\l__coffin_offset_x_dim=\dimen198
\l__coffin_offset_y_dim=\dimen199
\l__coffin_x_dim=\dimen200
\l__coffin_y_dim=\dimen201
\l__coffin_x_prime_dim=\dimen202
\l__coffin_y_prime_dim=\dimen203
\c_empty_coffin=\box59
\l__coffin_aligned_coffin=\box60
\l__coffin_aligned_internal_coffin=\box61
\l_tmpa_coffin=\box62
\l_tmpb_coffin=\box63
\l__coffin_display_coffin=\box64
\l__coffin_display_coord_coffin=\box65
\l__coffin_display_pole_coffin=\box66
\l__coffin_display_offset_dim=\dimen204
\l__coffin_display_x_dim=\dimen205
\l__coffin_display_y_dim=\dimen206
L3 Module: l3color 2014/08/23 v5354 L3 Experimental color support
L3 Module: l3candidates 2015/03/01 v5544 L3 Experimental additions to l3kernel
\l__box_top_dim=\dimen207
\l__box_bottom_dim=\dimen208
\l__box_left_dim=\dimen209
\l__box_right_dim=\dimen210
\l__box_top_new_dim=\dimen211
\l__box_bottom_new_dim=\dimen212
\l__box_left_new_dim=\dimen213
\l__box_right_new_dim=\dimen214
\l__box_internal_box=\box67
\l__coffin_bounding_shift_dim=\dimen215
\l__coffin_left_corner_dim=\dimen216
\l__coffin_right_corner_dim=\dimen217
\l__coffin_bottom_corner_dim=\dimen218
\l__coffin_top_corner_dim=\dimen219
\l__coffin_scaled_total_height_dim=\dimen220
\l__coffin_scaled_width_dim=\dimen221
)
(/usr/local/texlive/2015/texmf-dist/tex/latex/l3kernel/l3unicode-data.def
File: l3unicode-data.def 2015/03/01 v5544 L3 Unicode data
)
(/usr/local/texlive/2015/texmf-dist/tex/latex/l3kernel/l3pdfmode.def
File: l3pdfmode.def 2015/03/01 v5544 L3 Experimental driver: PDF mode
\l__driver_color_stack_int=\count180
))
(/usr/local/texlive/2015/texmf-dist/tex/latex/l3packages/xparse/xparse.sty
Package: xparse 2014/11/25 v5471 L3 Experimental document command parser
\l__xparse_current_arg_int=\count181
\l__xparse_m_args_int=\count182
\l__xparse_mandatory_args_int=\count183
\l__xparse_processor_int=\count184
\l__xparse_v_nesting_int=\count185
)
Package: siunitx 2015/01/21 v2.6e A comprehensive (SI) units package

(/usr/local/texlive/2015/texmf-dist/tex/latex/tools/array.sty
Package: array 2014/10/28 v2.4c Tabular extension package (FMi)
\col@sep=\dimen222
\extrarowheight=\dimen223
\NC@list=\toks44
\extratabsurround=\skip69
\backup@length=\skip70
)
(/usr/local/texlive/2015/texmf-dist/tex/latex/l3packages/l3keys2e/l3keys2e.sty
Package: l3keys2e 2014/11/25 v5471 LaTeX2e option processing using LaTeX3 keys
)
Variant \tl_if_blank:VTF already defined; not changing it on line 50
\l__siunitx_tmp_box=\box68
\l__siunitx_tmp_dim=\dimen224
\l__siunitx_tmp_int=\count186
Variant \prop_get:NVNT already defined; not changing it on line 380
Variant \prop_get:NVNF already defined; not changing it on line 381
Variant \prop_get:NVNTF already defined; not changing it on line 382
\l__siunitx_number_mantissa_length_int=\count187
\l__siunitx_number_uncert_length_int=\count188
\l__siunitx_round_int=\count189
\l__siunitx_process_decimal_int=\count190
\l__siunitx_process_uncertainty_int=\count191
\l__siunitx_process_fixed_int=\count192
\l__siunitx_process_integer_min_int=\count193
\l__siunitx_process_precision_int=\count194
\l__siunitx_group_min_int=\count195
\l__siunitx_angle_marker_box=\box69
\l__siunitx_angle_unit_box=\box70
\l__siunitx_angle_marker_dim=\dimen225
\l__siunitx_angle_unit_dim=\dimen226
\l__siunitx_unit_int=\count196
\l__siunitx_unit_denominator_int=\count197
\l__siunitx_unit_numerator_int=\count198
\l__siunitx_unit_prefix_int=\count199
\l__siunitx_unit_prefix_base_int=\count200
\l__siunitx_unit_prefix_gram_int=\count201
\l__siunitx_number_product_int=\count202
\c__siunitx_one_fill_skip=\skip71
\l__siunitx_table_unit_align_skip=\skip72
\l__siunitx_table_exponent_dim=\dimen227
\l__siunitx_table_integer_dim=\dimen228
\l__siunitx_table_mantissa_dim=\dimen229
\l__siunitx_table_marker_dim=\dimen230
\l__siunitx_table_result_dim=\dimen231
\l__siunitx_table_uncert_dim=\dimen232
\l__siunitx_table_fill_pre_dim=\dimen233
\l__siunitx_table_fill_post_dim=\dimen256
\l__siunitx_table_fill_mid_dim=\dimen257
\l__siunitx_table_pre_box=\box71
\l__siunitx_table_post_box=\box72
\l__siunitx_table_mantissa_box=\box73
\l__siunitx_table_result_box=\box74
\l__siunitx_table_number_align_skip=\skip73
\l__siunitx_table_text_align_skip=\skip74
.................................................
. LaTeX info: "xparse/define-command"
. 
. Defining command \DeclareBinaryPrefix with sig. 'mmm' on line 7176.
.................................................
.................................................
. LaTeX info: "xparse/define-command"
. 
. Defining command \DeclareSIPostPower with sig. 'mm' on line 7179.
.................................................
.................................................
. LaTeX info: "xparse/define-command"
. 
. Defining command \DeclareSIPrefix with sig. 'mmm' on line 7182.
.................................................
.................................................
. LaTeX info: "xparse/define-command"
. 
. Defining command \DeclareSIPrePower with sig. 'mm' on line 7185.
.................................................
.................................................
. LaTeX info: "xparse/define-command"
. 
. Defining command \DeclareSIQualifier with sig. 'mm' on line 7188.
.................................................
.................................................
. LaTeX info: "xparse/define-command"
. 
. Defining command \DeclareSIUnit with sig. 'O{}mm' on line 7191.
.................................................
.................................................
. LaTeX info: "xparse/define-command"
. 
. Defining command \DeclareSIUnitWithOptions with sig. 'mmm' on line 7194.
.................................................
.................................................
. LaTeX info: "xparse/define-command"
. 
. Defining command \ang with sig. 'o>{\SplitArgument {2}{;}}m' on line 7209.
.................................................
.................................................
. LaTeX info: "xparse/define-command"
. 
. Defining command \num with sig. 'om' on line 7217.
.................................................
.................................................
. LaTeX info: "xparse/define-command"
. 
. Defining command \numlist with sig. 'o>{\SplitList {;}}m' on line 7225.
.................................................
.................................................
. LaTeX info: "xparse/define-command"
. 
. Defining command \numrange with sig. 'omm' on line 7233.
.................................................
.................................................
. LaTeX info: "xparse/define-command"
. 
. Defining command \SIlist with sig. 'o>{\SplitList {;}}mm' on line 7244.
.................................................
.................................................
. LaTeX info: "xparse/define-command"
. 
. Defining command \SIrange with sig. 'ommm' on line 7255.
.................................................
.................................................
. LaTeX info: "xparse/define-command"
. 
. Defining command \SI with sig. 'omom' on line 7266.
.................................................
.................................................
. LaTeX info: "xparse/define-command"
. 
. Defining command \sisetup with sig. 'm' on line 7269.
.................................................
.................................................
. LaTeX info: "xparse/define-command"
. 
. Defining command \tablenum with sig. 'om' on line 7281.
.................................................
.................................................
. LaTeX info: "xparse/define-command"
. 
. Defining command \si with sig. 'om' on line 7292.
.................................................
.................................................
. LaTeX info: "xparse/define-command"
. 
. Defining command \__siunitx_bookmark_num:w with sig. 'om' on line 7339.
.................................................
.................................................
. LaTeX info: "xparse/define-command"
. 
. Defining command \__siunitx_bookmark_numrange:w with sig. 'omm' on line
. 7341.
.................................................
.................................................
. LaTeX info: "xparse/define-command"
. 
. Defining command \__siunitx_bookmark_SI:w with sig. 'omom' on line 7343.
.................................................
.................................................
. LaTeX info: "xparse/define-command"
. 
. Defining command \__siunitx_bookmark_SIlist:w with sig. 'omm' on line 7345.
.................................................
.................................................
. LaTeX info: "xparse/define-command"
. 
. Defining command \__siunitx_bookmark_SIrange:w with sig. 'ommm' on line
. 7347.
.................................................
.................................................
. LaTeX info: "xparse/define-command"
. 
. Defining command \__siunitx_bookmark_si:w with sig. 'om' on line 7348.
.................................................
\g__file_internal_ior=\read2
) (/usr/local/texlive/2015/texmf-dist/tex/latex/pgf/frontendlayer/tikz.sty
(/usr/local/texlive/2015/texmf-dist/tex/latex/pgf/basiclayer/pgf.sty
Package: pgf 2013/12/18 v3.0.0 (rcs-revision 1.14)

(/usr/local/texlive/2015/texmf-dist/tex/generic/pgf/modules/pgfmoduleshapes.cod
e.tex
File: pgfmoduleshapes.code.tex 2013/10/31  (rcs-revision 1.34)
\pgfnodeparttextbox=\box75
)
(/usr/local/texlive/2015/texmf-dist/tex/generic/pgf/modules/pgfmoduleplot.code.
tex
File: pgfmoduleplot.code.tex 2013/07/31  (rcs-revision 1.12)
)
(/usr/local/texlive/2015/texmf-dist/tex/latex/pgf/compatibility/pgfcomp-version
-0-65.sty
Package: pgfcomp-version-0-65 2007/07/03 v3.0.0 (rcs-revision 1.7)
\pgf@nodesepstart=\dimen258
\pgf@nodesepend=\dimen259
)
(/usr/local/texlive/2015/texmf-dist/tex/latex/pgf/compatibility/pgfcomp-version
-1-18.sty
Package: pgfcomp-version-1-18 2007/07/23 v3.0.0 (rcs-revision 1.1)
))
(/usr/local/texlive/2015/texmf-dist/tex/latex/pgf/utilities/pgffor.sty
(/usr/local/texlive/2015/texmf-dist/tex/latex/pgf/utilities/pgfkeys.sty
(/usr/local/texlive/2015/texmf-dist/tex/generic/pgf/utilities/pgfkeys.code.tex))
(/usr/local/texlive/2015/texmf-dist/tex/latex/pgf/math/pgfmath.sty
(/usr/local/texlive/2015/texmf-dist/tex/generic/pgf/math/pgfmath.code.tex))
(/usr/local/texlive/2015/texmf-dist/tex/generic/pgf/utilities/pgffor.code.tex
Package: pgffor 2013/12/13 v3.0.0 (rcs-revision 1.25)

(/usr/local/texlive/2015/texmf-dist/tex/generic/pgf/math/pgfmath.code.tex)
\pgffor@iter=\dimen260
\pgffor@skip=\dimen261
\pgffor@stack=\toks45
\pgffor@toks=\toks46
))
(/usr/local/texlive/2015/texmf-dist/tex/generic/pgf/frontendlayer/tikz/tikz.cod
e.tex
Package: tikz 2013/12/13 v3.0.0 (rcs-revision 1.142)

(/usr/local/texlive/2015/texmf-dist/tex/generic/pgf/libraries/pgflibraryplothan
dlers.code.tex
File: pgflibraryplothandlers.code.tex 2013/08/31 v3.0.0 (rcs-revision 1.20)
\pgf@plot@mark@count=\count203
\pgfplotmarksize=\dimen262
)
\tikz@lastx=\dimen263
\tikz@lasty=\dimen264
\tikz@lastxsaved=\dimen265
\tikz@lastysaved=\dimen266
\tikzleveldistance=\dimen267
\tikzsiblingdistance=\dimen268
\tikz@figbox=\box76
\tikz@figbox@bg=\box77
\tikz@tempbox=\box78
\tikz@tempbox@bg=\box79
\tikztreelevel=\count204
\tikznumberofchildren=\count205
\tikznumberofcurrentchild=\count206
\tikz@fig@count=\count207

(/usr/local/texlive/2015/texmf-dist/tex/generic/pgf/modules/pgfmodulematrix.cod
e.tex
File: pgfmodulematrix.code.tex 2013/09/17  (rcs-revision 1.8)
\pgfmatrixcurrentrow=\count208
\pgfmatrixcurrentcolumn=\count209
\pgf@matrix@numberofcolumns=\count210
)
\tikz@expandcount=\count211

(/usr/local/texlive/2015/texmf-dist/tex/generic/pgf/frontendlayer/tikz/librarie
s/tikzlibrarytopaths.code.tex
File: tikzlibrarytopaths.code.tex 2008/06/17 v3.0.0 (rcs-revision 1.2)
))) (./defense.aux)
\openout1 = defense.aux

LaTeX Font Info:    Checking defaults for OML/cmm/m/it on input line 74.
LaTeX Font Info:    ... okay on input line 74.
LaTeX Font Info:    Checking defaults for T1/cmr/m/n on input line 74.
LaTeX Font Info:    ... okay on input line 74.
LaTeX Font Info:    Checking defaults for OT1/cmr/m/n on input line 74.
LaTeX Font Info:    ... okay on input line 74.
LaTeX Font Info:    Checking defaults for OMS/cmsy/m/n on input line 74.
LaTeX Font Info:    ... okay on input line 74.
LaTeX Font Info:    Checking defaults for OMX/cmex/m/n on input line 74.
LaTeX Font Info:    ... okay on input line 74.
LaTeX Font Info:    Checking defaults for U/cmr/m/n on input line 74.
LaTeX Font Info:    ... okay on input line 74.
LaTeX Font Info:    Checking defaults for PD1/pdf/m/n on input line 74.
LaTeX Font Info:    ... okay on input line 74.
LaTeX Font Info:    Try loading font information for T1+phv on input line 74.

(/usr/local/texlive/2015/texmf-dist/tex/latex/psnfss/t1phv.fd
File: t1phv.fd 2001/06/04 scalable font definitions for T1/phv.
)
*geometry* driver: auto-detecting
*geometry* detected driver: pdftex
*geometry* verbose mode - [ preamble ] result:
* driver: pdftex
* paper: custom
* layout: <same size as paper>
* layoutoffset:(h,v)=(0.0pt,0.0pt)
* modes: includehead includefoot 
* h-part:(L,W,R)=(28.45274pt, 307.28987pt, 28.45274pt)
* v-part:(T,H,B)=(0.0pt, 273.14662pt, 0.0pt)
* \paperwidth=364.19536pt
* \paperheight=273.14662pt
* \textwidth=307.28987pt
* \textheight=244.6939pt
* \oddsidemargin=-43.81725pt
* \evensidemargin=-43.81725pt
* \topmargin=-72.26999pt
* \headheight=14.22636pt
* \headsep=0.0pt
* \topskip=9.0pt
* \footskip=14.22636pt
* \marginparwidth=4.0pt
* \marginparsep=10.0pt
* \columnsep=10.0pt
* \skip\footins=8.0pt plus 4.0pt minus 2.0pt
* \hoffset=0.0pt
* \voffset=0.0pt
* \mag=1000
* \@twocolumnfalse
* \@twosidefalse
* \@mparswitchfalse
* \@reversemarginfalse
* (1in=72.27pt=25.4mm, 1cm=28.453pt)

(/usr/local/texlive/2015/texmf-dist/tex/context/base/supp-pdf.mkii
[Loading MPS to PDF converter (version 2006.09.02).]
\scratchcounter=\count212
\scratchdimen=\dimen269
\scratchbox=\box80
\nofMPsegments=\count213
\nofMParguments=\count214
\everyMPshowfont=\toks47
\MPscratchCnt=\count215
\MPscratchDim=\dimen270
\MPnumerator=\count216
\makeMPintoPDFobject=\count217
\everyMPtoPDFconversion=\toks48
) (/usr/local/texlive/2015/texmf-dist/tex/latex/oberdiek/epstopdf-base.sty
Package: epstopdf-base 2010/02/09 v2.5 Base part for package epstopdf

(/usr/local/texlive/2015/texmf-dist/tex/latex/oberdiek/grfext.sty
Package: grfext 2010/08/19 v1.1 Manage graphics extensions (HO)
)
Package grfext Info: Graphics extension search list:
(grfext)             [.png,.pdf,.jpg,.mps,.tif,.jpeg,.PNG,.PDF,.JPG,.JPEG,.eps]
(grfext)             \AppendGraphicsExtensions on input line 452.

(/usr/local/texlive/2015/texmf-dist/tex/latex/latexconfig/epstopdf-sys.cfg
File: epstopdf-sys.cfg 2010/07/13 v1.3 Configuration of (r)epstopdf for TeX Live

))
ABD: EveryShipout initializing macros
\AtBeginShipoutBox=\box81
Package hyperref Info: Link coloring OFF on input line 74.

(/usr/local/texlive/2015/texmf-dist/tex/latex/hyperref/nameref.sty
Package: nameref 2012/10/27 v2.43 Cross-referencing by name of section

(/usr/local/texlive/2015/texmf-dist/tex/generic/oberdiek/gettitlestring.sty
Package: gettitlestring 2010/12/03 v1.4 Cleanup title references (HO)
)
\c@section@level=\count218
)
LaTeX Info: Redefining \ref on input line 74.
LaTeX Info: Redefining \pageref on input line 74.
LaTeX Info: Redefining \nameref on input line 74.

(./defense.out) (./defense.out)
\@outlinefile=\write5

\openout5 = defense.out
LaTeX Font Info:    Overwriting symbol font `operators' in version `normal'
(Font)                  OT1/cmr/m/n --> OT1/cmss/m/n on input line 74.
LaTeX Font Info:    Overwriting symbol font `operators' in version `bold'
(Font)                  OT1/cmr/bx/n --> OT1/cmss/bx/n on input line 74.
\symnumbers=\mathgroup6
\sympureletters=\mathgroup7
LaTeX Font Info:    Overwriting math alphabet `\mathrm' in version `normal'
(Font)                  OT1/cmss/m/n --> T1/ptm/m/n on input line 74.
LaTeX Font Info:    Redeclaring math alphabet \mathbf on input line 74.
LaTeX Font Info:    Overwriting math alphabet `\mathbf' in version `normal'
(Font)                  OT1/cmr/bx/n --> T1/phv/bx/n on input line 74.
LaTeX Font Info:    Overwriting math alphabet `\mathbf' in version `bold'
(Font)                  OT1/cmr/bx/n --> T1/phv/bx/n on input line 74.
LaTeX Font Info:    Redeclaring math alphabet \mathsf on input line 74.
LaTeX Font Info:    Overwriting math alphabet `\mathsf' in version `normal'
(Font)                  OT1/cmss/m/n --> T1/phv/m/n on input line 74.
LaTeX Font Info:    Overwriting math alphabet `\mathsf' in version `bold'
(Font)                  OT1/cmss/bx/n --> T1/phv/m/n on input line 74.
LaTeX Font Info:    Redeclaring math alphabet \mathit on input line 74.
LaTeX Font Info:    Overwriting math alphabet `\mathit' in version `normal'
(Font)                  OT1/cmr/m/it --> T1/phv/m/it on input line 74.
LaTeX Font Info:    Overwriting math alphabet `\mathit' in version `bold'
(Font)                  OT1/cmr/bx/it --> T1/phv/m/it on input line 74.
LaTeX Font Info:    Redeclaring math alphabet \mathtt on input line 74.
LaTeX Font Info:    Overwriting math alphabet `\mathtt' in version `normal'
(Font)                  OT1/cmtt/m/n --> T1/pcr/m/n on input line 74.
LaTeX Font Info:    Overwriting math alphabet `\mathtt' in version `bold'
(Font)                  OT1/cmtt/m/n --> T1/pcr/m/n on input line 74.
LaTeX Font Info:    Overwriting symbol font `numbers' in version `bold'
(Font)                  T1/phv/m/n --> T1/phv/bx/n on input line 74.
LaTeX Font Info:    Overwriting symbol font `pureletters' in version `bold'
(Font)                  T1/phv/m/it --> T1/phv/bx/it on input line 74.
LaTeX Font Info:    Overwriting math alphabet `\mathrm' in version `bold'
(Font)                  OT1/cmss/bx/n --> T1/ptm/bx/n on input line 74.
LaTeX Font Info:    Overwriting math alphabet `\mathbf' in version `bold'
(Font)                  T1/phv/bx/n --> T1/phv/bx/n on input line 74.
LaTeX Font Info:    Overwriting math alphabet `\mathsf' in version `bold'
(Font)                  T1/phv/m/n --> T1/phv/bx/n on input line 74.
LaTeX Font Info:    Overwriting math alphabet `\mathit' in version `bold'
(Font)                  T1/phv/m/it --> T1/phv/bx/it on input line 74.
LaTeX Font Info:    Overwriting math alphabet `\mathtt' in version `bold'
(Font)                  T1/pcr/m/n --> T1/pcr/bx/n on input line 74.

(/usr/local/texlive/2015/texmf-dist/tex/latex/beamer/translator/dicts/translato
r-basic-dictionary/translator-basic-dictionary-English.dict
Dictionary: translator-basic-dictionary, Language: English 
)
(/usr/local/texlive/2015/texmf-dist/tex/latex/beamer/translator/dicts/translato
r-bibliography-dictionary/translator-bibliography-dictionary-English.dict
Dictionary: translator-bibliography-dictionary, Language: English 
)
(/usr/local/texlive/2015/texmf-dist/tex/latex/beamer/translator/dicts/translato
r-environment-dictionary/translator-environment-dictionary-English.dict
Dictionary: translator-environment-dictionary, Language: English 
)
(/usr/local/texlive/2015/texmf-dist/tex/latex/beamer/translator/dicts/translato
r-months-dictionary/translator-months-dictionary-English.dict
Dictionary: translator-months-dictionary, Language: English 
)
(/usr/local/texlive/2015/texmf-dist/tex/latex/beamer/translator/dicts/translato
r-numbers-dictionary/translator-numbers-dictionary-English.dict
Dictionary: translator-numbers-dictionary, Language: English 
)
(/usr/local/texlive/2015/texmf-dist/tex/latex/beamer/translator/dicts/translato
r-theorem-dictionary/translator-theorem-dictionary-English.dict
Dictionary: translator-theorem-dictionary, Language: English 
)
LaTeX Info: Redefining \includegraphics on input line 74.

(/usr/local/texlive/2015/texmf-dist/tex/latex/siunitx/siunitx-abbreviations.cfg
File: siunitx-abbreviations.cfg 2015/01/21 v2.6e siunitx: Abbreviated units
) (./defense.nav)
\c__siunitx_mathsf_int=\count219
LaTeX Font Info:    Try loading font information for U+msa on input line 74.

(/usr/local/texlive/2015/texmf-dist/tex/latex/amsfonts/umsa.fd
File: umsa.fd 2013/01/14 v3.01 AMS symbols A
)
LaTeX Font Info:    Try loading font information for U+msb on input line 74.

(/usr/local/texlive/2015/texmf-dist/tex/latex/amsfonts/umsb.fd
File: umsb.fd 2013/01/14 v3.01 AMS symbols B
)
LaTeX Font Info:    Font shape `T1/phv/m/it' in size <9> not available
(Font)              Font shape `T1/phv/m/sl' tried instead on input line 74.
LaTeX Font Info:    Font shape `T1/phv/m/it' in size <6> not available
(Font)              Font shape `T1/phv/m/sl' tried instead on input line 74.
LaTeX Font Info:    Font shape `T1/phv/m/it' in size <5> not available
(Font)              Font shape `T1/phv/m/sl' tried instead on input line 74.
\c__siunitx_mathtt_int=\count220
LaTeX Font Info:    Try loading font information for T1+pcr on input line 74.

(/usr/local/texlive/2015/texmf-dist/tex/latex/psnfss/t1pcr.fd
File: t1pcr.fd 2001/06/04 font definitions for T1/pcr.
) [1{/usr/local/texlive/2015/texmf-var/fonts/map/pdftex/updmap/pdftex.map}

] (./defense.toc)
[2

] [3

] (./defense.toc) [4

]
LaTeX Font Info:    Font shape `T1/phv/m/it' in size <8> not available
(Font)              Font shape `T1/phv/m/sl' tried instead on input line 133.
 <figs/sm/sm.jpeg, id=192, 722.7pt x 645.3711pt>
File: figs/sm/sm.jpeg Graphic file (type jpg)

<use figs/sm/sm.jpeg>
Package pdftex.def Info: figs/sm/sm.jpeg used on input line 133.
(pdftex.def)             Requested size: 121.67743pt x 99.54895pt.
 [5

<./figs/sm/sm.jpeg>]
<figs/lhc/LHC_Fig1.jpg, id=232, 744.7825pt x 564.1075pt>
File: figs/lhc/LHC_Fig1.jpg Graphic file (type jpg)

<use figs/lhc/LHC_Fig1.jpg>
Package pdftex.def Info: figs/lhc/LHC_Fig1.jpg used on input line 152.
(pdftex.def)             Requested size: 121.67917pt x 92.16132pt.
 [6

<./figs/lhc/LHC_Fig1.jpg>]
<figs/cms/cms_120918_03.png, id=266, 3189.9175pt x 2253.41875pt>
File: figs/cms/cms_120918_03.png Graphic file (type png)

<use figs/cms/cms_120918_03.png>
Package pdftex.def Info: figs/cms/cms_120918_03.png used on input line 158.
(pdftex.def)             Requested size: 304.21349pt x 199.08542pt.

Overfull \vbox (3.51527pt too high) detected at line 158
 []

[7

<./figs/cms/cms_120918_03.png>]
<figs/higgs/run1/HIGpas_fit_01JetTightBB.png, id=300, 1097.09875pt x 1094.0875p
t>
File: figs/higgs/run1/HIGpas_fit_01JetTightBB.png Graphic file (type png)
 <use figs/higgs/run1/HIGpas_fit_01JetTightBB.png>
Package pdftex.def Info: figs/higgs/run1/HIGpas_fit_01JetTightBB.png used on inp
ut line 186.
(pdftex.def)             Requested size: 91.25168pt x 61.93625pt.

<figs/higgs/run1/HIGpas_fit_VBFTight.png, id=301, 1100.11pt x 1089.06876pt>
File: figs/higgs/run1/HIGpas_fit_VBFTight.png Graphic file (type png)

<use figs/higgs/run1/HIGpas_fit_VBFTight.png>
Package pdftex.def Info: figs/higgs/run1/HIGpas_fit_VBFTight.png used on input l
ine 186.
(pdftex.def)             Requested size: 91.25035pt x 61.93465pt.

<figs/higgs/run1/HIGpas_limit_Combination.png, id=302, 1103.12125pt x 1105.1287
5pt>
File: figs/higgs/run1/HIGpas_limit_Combination.png Graphic file (type png)
 <use figs/higgs/run1/HIGpas_limit_Combination.png>
Package pdftex.def Info: figs/higgs/run1/HIGpas_limit_Combination.png used on in
put line 186.
(pdftex.def)             Requested size: 91.26447pt x 61.93738pt.
 [8

<./figs/higgs/run1/HIGpas_fit_01JetTightBB.png><./figs/higgs/run1/HIGpas_fit_VBF
Tight.png><./figs/higgs/run1/HIGpas_limit_Combination.png>] [9

] [10

]
LaTeX Font Info:    Font shape `T1/phv/m/it' in size <7> not available
(Font)              Font shape `T1/phv/m/sl' tried instead on input line 248.
 [11

]
Overfull \hbox (31.25792pt too wide) in paragraph at lines 270--270
 [] 
 []

[12

] [13

]
Overfull \hbox (13.96147pt too wide) in paragraph at lines 311--311
 [] 
 []

[14

] [15

]
<figs/higgs/distributions/baseline_rochester/distribution__NoCats__DiMuonMass__
logY.png, id=576, 798.985pt x 574.145pt>
File: figs/higgs/distributions/baseline_rochester/distribution__NoCats__DiMuonMa
ss__logY.png Graphic file (type png)

<use figs/higgs/distributions/baseline_rochester/distribution__NoCats__DiMuonMa
ss__logY.png>
Package pdftex.def Info: figs/higgs/distributions/baseline_rochester/distributio
n__NoCats__DiMuonMass__logY.png used on input line 359.
(pdftex.def)             Requested size: 245.82968pt x 176.97562pt.
 [16

<./figs/higgs/distributions/baseline_rochester/distribution__NoCats__DiMuonMass_
_logY.png>]
File: figs/higgs/distributions/baseline_rochester/distribution__NoCats__DiMuonMa
ss__logY.png Graphic file (type png)

<use figs/higgs/distributions/baseline_rochester/distribution__NoCats__DiMuonMa
ss__logY.png>
Package pdftex.def Info: figs/higgs/distributions/baseline_rochester/distributio
n__NoCats__DiMuonMass__logY.png used on input line 375.
(pdftex.def)             Requested size: 153.63745pt x 110.61305pt.

<figs/higgs/distributions/baseline_nocorrections/distribution__NoCats__DiMuonMa
ss__logY.png, id=610, 798.985pt x 574.145pt>
File: figs/higgs/distributions/baseline_nocorrections/distribution__NoCats__DiMu
onMass__logY.png Graphic file (type png)

<use figs/higgs/distributions/baseline_nocorrections/distribution__NoCats__DiMu
onMass__logY.png>
Package pdftex.def Info: figs/higgs/distributions/baseline_nocorrections/distrib
ution__NoCats__DiMuonMass__logY.png used on input line 375.
(pdftex.def)             Requested size: 153.63745pt x 110.61305pt.
 [17

<./figs/higgs/distributions/baseline_nocorrections/distribution__NoCats__DiMuonM
ass__logY.png>]
<figs/higgs/distributions/baseline_rochester/distribution__NoCats__Muonpt__logY
.png, id=643, 798.985pt x 574.145pt>
File: figs/higgs/distributions/baseline_rochester/distribution__NoCats__Muonpt__
logY.png Graphic file (type png)

<use figs/higgs/distributions/baseline_rochester/distribution__NoCats__Muonpt__
logY.png>
Package pdftex.def Info: figs/higgs/distributions/baseline_rochester/distributio
n__NoCats__Muonpt__logY.png used on input line 388.
(pdftex.def)             Requested size: 152.10132pt x 99.54823pt.

<figs/higgs/distributions/baseline_rochester/distribution__NoCats__Muonphi__log
Y.png, id=644, 798.985pt x 574.145pt>
File: figs/higgs/distributions/baseline_rochester/distribution__NoCats__Muonphi_
_logY.png Graphic file (type png)

<use figs/higgs/distributions/baseline_rochester/distribution__NoCats__Muonphi_
_logY.png>
Package pdftex.def Info: figs/higgs/distributions/baseline_rochester/distributio
n__NoCats__Muonphi__logY.png used on input line 388.
(pdftex.def)             Requested size: 152.10132pt x 99.54823pt.

<figs/higgs/distributions/baseline_rochester/distribution__NoCats__DiMuonpt__lo
gY.png, id=645, 798.985pt x 574.145pt>
File: figs/higgs/distributions/baseline_rochester/distribution__NoCats__DiMuonpt
__logY.png Graphic file (type png)

<use figs/higgs/distributions/baseline_rochester/distribution__NoCats__DiMuonpt
__logY.png>
Package pdftex.def Info: figs/higgs/distributions/baseline_rochester/distributio
n__NoCats__DiMuonpt__logY.png used on input line 388.
(pdftex.def)             Requested size: 152.10132pt x 99.54823pt.

<figs/higgs/distributions/baseline_rochester/distribution__NoCats__Muoneta__log
Y.png, id=646, 798.985pt x 574.145pt>
File: figs/higgs/distributions/baseline_rochester/distribution__NoCats__Muoneta_
_logY.png Graphic file (type png)

<use figs/higgs/distributions/baseline_rochester/distribution__NoCats__Muoneta_
_logY.png>
Package pdftex.def Info: figs/higgs/distributions/baseline_rochester/distributio
n__NoCats__Muoneta__logY.png used on input line 388.
(pdftex.def)             Requested size: 152.10132pt x 99.54823pt.

Overfull \vbox (1.76935pt too high) detected at line 388
 []

[18

<./figs/higgs/distributions/baseline_rochester/distribution__NoCats__Muonpt__log
Y.png><./figs/higgs/distributions/baseline_rochester/distribution__NoCats__Muonp
hi__logY.png><./figs/higgs/distributions/baseline_rochester/distribution__NoCats
__DiMuonpt__logY.png><./figs/higgs/distributions/baseline_rochester/distribution
__NoCats__Muoneta__logY.png>] [19

] [20

] [21

]
<figs/higgs/bdt_training/BDT_ROC_ge0j_all.pdf, id=777, 529.98pt x 387.67053pt>
File: figs/higgs/bdt_training/BDT_ROC_ge0j_all.pdf Graphic file (type pdf)

<use figs/higgs/bdt_training/BDT_ROC_ge0j_all.pdf>
Package pdftex.def Info: figs/higgs/bdt_training/BDT_ROC_ge0j_all.pdf used on in
put line 451.
(pdftex.def)             Requested size: 245.83162pt x 176.98189pt.
 [22

<./figs/higgs/bdt_training/BDT_ROC_ge0j_all.pdf>]
File: figs/higgs/distributions/baseline_rochester/distribution__NoCats__DiMuonMa
ss__logY.png Graphic file (type png)

<use figs/higgs/distributions/baseline_rochester/distribution__NoCats__DiMuonMa
ss__logY.png>
Package pdftex.def Info: figs/higgs/distributions/baseline_rochester/distributio
n__NoCats__DiMuonMass__logY.png used on input line 480.
(pdftex.def)             Requested size: 121.68349pt x 99.54823pt.
 [23

]
<figs/higgs/distributions/bdt_uf/distribution__c12__DiMuonMass__logY.png, id=86
2, 798.985pt x 574.145pt>
File: figs/higgs/distributions/bdt_uf/distribution__c12__DiMuonMass__logY.png Gr
aphic file (type png)

<use figs/higgs/distributions/bdt_uf/distribution__c12__DiMuonMass__logY.png>
Package pdftex.def Info: figs/higgs/distributions/bdt_uf/distribution__c12__DiMu
onMass__logY.png used on input line 487.
(pdftex.def)             Requested size: 245.82968pt x 176.97562pt.

[24

<./figs/higgs/distributions/bdt_uf/distribution__c12__DiMuonMass__logY.png>]
<figs/higgs/distributions/bdt_uf/distribution__c0__DiMuonMass__logY.png, id=895
, 798.985pt x 574.145pt>
File: figs/higgs/distributions/bdt_uf/distribution__c0__DiMuonMass__logY.png Gra
phic file (type png)

<use figs/higgs/distributions/bdt_uf/distribution__c0__DiMuonMass__logY.png>
Package pdftex.def Info: figs/higgs/distributions/bdt_uf/distribution__c0__DiMuo
nMass__logY.png used on input line 494.
(pdftex.def)             Requested size: 150.56519pt x 99.54823pt.

<figs/higgs/distributions/bdt_uf/distribution__c1__DiMuonMass__logY.png, id=896
, 798.985pt x 574.145pt>
File: figs/higgs/distributions/bdt_uf/distribution__c1__DiMuonMass__logY.png Gra
phic file (type png)

<use figs/higgs/distributions/bdt_uf/distribution__c1__DiMuonMass__logY.png>
Package pdftex.def Info: figs/higgs/distributions/bdt_uf/distribution__c1__DiMuo
nMass__logY.png used on input line 494.
(pdftex.def)             Requested size: 150.56519pt x 99.54823pt.

<figs/higgs/distributions/bdt_uf/distribution__c2__DiMuonMass__logY.png, id=897
, 798.985pt x 574.145pt>
File: figs/higgs/distributions/bdt_uf/distribution__c2__DiMuonMass__logY.png Gra
phic file (type png)

<use figs/higgs/distributions/bdt_uf/distribution__c2__DiMuonMass__logY.png>
Package pdftex.def Info: figs/higgs/distributions/bdt_uf/distribution__c2__DiMuo
nMass__logY.png used on input line 494.
(pdftex.def)             Requested size: 150.56519pt x 99.54823pt.

<figs/higgs/distributions/bdt_uf/distribution__c3__DiMuonMass__logY.png, id=898
, 798.985pt x 574.145pt>
File: figs/higgs/distributions/bdt_uf/distribution__c3__DiMuonMass__logY.png Gra
phic file (type png)

<use figs/higgs/distributions/bdt_uf/distribution__c3__DiMuonMass__logY.png>
Package pdftex.def Info: figs/higgs/distributions/bdt_uf/distribution__c3__DiMuo
nMass__logY.png used on input line 494.
(pdftex.def)             Requested size: 150.56519pt x 99.54823pt.

[25

<./figs/higgs/distributions/bdt_uf/distribution__c0__DiMuonMass__logY.png><./fig
s/higgs/distributions/bdt_uf/distribution__c1__DiMuonMass__logY.png><./figs/higg
s/distributions/bdt_uf/distribution__c2__DiMuonMass__logY.png><./figs/higgs/dist
ributions/bdt_uf/distribution__c3__DiMuonMass__logY.png>]
<figs/higgs/distributions/bdt_uf/distribution__c4__DiMuonMass__logY.png, id=932
, 798.985pt x 574.145pt>
File: figs/higgs/distributions/bdt_uf/distribution__c4__DiMuonMass__logY.png Gra
phic file (type png)

<use figs/higgs/distributions/bdt_uf/distribution__c4__DiMuonMass__logY.png>
Package pdftex.def Info: figs/higgs/distributions/bdt_uf/distribution__c4__DiMuo
nMass__logY.png used on input line 501.
(pdftex.def)             Requested size: 150.56519pt x 99.54823pt.

<figs/higgs/distributions/bdt_uf/distribution__c5__DiMuonMass__logY.png, id=933
, 798.985pt x 574.145pt>
File: figs/higgs/distributions/bdt_uf/distribution__c5__DiMuonMass__logY.png Gra
phic file (type png)

<use figs/higgs/distributions/bdt_uf/distribution__c5__DiMuonMass__logY.png>
Package pdftex.def Info: figs/higgs/distributions/bdt_uf/distribution__c5__DiMuo
nMass__logY.png used on input line 501.
(pdftex.def)             Requested size: 150.56519pt x 99.54823pt.

<figs/higgs/distributions/bdt_uf/distribution__c6__DiMuonMass__logY.png, id=934
, 798.985pt x 574.145pt>
File: figs/higgs/distributions/bdt_uf/distribution__c6__DiMuonMass__logY.png Gra
phic file (type png)

<use figs/higgs/distributions/bdt_uf/distribution__c6__DiMuonMass__logY.png>
Package pdftex.def Info: figs/higgs/distributions/bdt_uf/distribution__c6__DiMuo
nMass__logY.png used on input line 501.
(pdftex.def)             Requested size: 150.56519pt x 99.54823pt.

<figs/higgs/distributions/bdt_uf/distribution__c7__DiMuonMass__logY.png, id=935
, 798.985pt x 574.145pt>
File: figs/higgs/distributions/bdt_uf/distribution__c7__DiMuonMass__logY.png Gra
phic file (type png)

<use figs/higgs/distributions/bdt_uf/distribution__c7__DiMuonMass__logY.png>
Package pdftex.def Info: figs/higgs/distributions/bdt_uf/distribution__c7__DiMuo
nMass__logY.png used on input line 501.
(pdftex.def)             Requested size: 150.56519pt x 99.54823pt.

[26

<./figs/higgs/distributions/bdt_uf/distribution__c4__DiMuonMass__logY.png><./fig
s/higgs/distributions/bdt_uf/distribution__c5__DiMuonMass__logY.png><./figs/higg
s/distributions/bdt_uf/distribution__c6__DiMuonMass__logY.png><./figs/higgs/dist
ributions/bdt_uf/distribution__c7__DiMuonMass__logY.png>]
<figs/higgs/distributions/bdt_uf/distribution__c8__DiMuonMass__logY.png, id=967
, 798.985pt x 574.145pt>
File: figs/higgs/distributions/bdt_uf/distribution__c8__DiMuonMass__logY.png Gra
phic file (type png)

<use figs/higgs/distributions/bdt_uf/distribution__c8__DiMuonMass__logY.png>
Package pdftex.def Info: figs/higgs/distributions/bdt_uf/distribution__c8__DiMuo
nMass__logY.png used on input line 508.
(pdftex.def)             Requested size: 150.56519pt x 99.54823pt.

<figs/higgs/distributions/bdt_uf/distribution__c9__DiMuonMass__logY.png, id=968
, 798.985pt x 574.145pt>
File: figs/higgs/distributions/bdt_uf/distribution__c9__DiMuonMass__logY.png Gra
phic file (type png)

<use figs/higgs/distributions/bdt_uf/distribution__c9__DiMuonMass__logY.png>
Package pdftex.def Info: figs/higgs/distributions/bdt_uf/distribution__c9__DiMuo
nMass__logY.png used on input line 508.
(pdftex.def)             Requested size: 150.56519pt x 99.54823pt.

<figs/higgs/distributions/bdt_uf/distribution__c10__DiMuonMass__logY.png, id=96
9, 798.985pt x 574.145pt>
File: figs/higgs/distributions/bdt_uf/distribution__c10__DiMuonMass__logY.png Gr
aphic file (type png)

<use figs/higgs/distributions/bdt_uf/distribution__c10__DiMuonMass__logY.png>
Package pdftex.def Info: figs/higgs/distributions/bdt_uf/distribution__c10__DiMu
onMass__logY.png used on input line 508.
(pdftex.def)             Requested size: 150.56519pt x 99.54823pt.

<figs/higgs/distributions/bdt_uf/distribution__c11__DiMuonMass__logY.png, id=97
0, 798.985pt x 574.145pt>
File: figs/higgs/distributions/bdt_uf/distribution__c11__DiMuonMass__logY.png Gr
aphic file (type png)

<use figs/higgs/distributions/bdt_uf/distribution__c11__DiMuonMass__logY.png>
Package pdftex.def Info: figs/higgs/distributions/bdt_uf/distribution__c11__DiMu
onMass__logY.png used on input line 508.
(pdftex.def)             Requested size: 150.56519pt x 99.54823pt.

[27

<./figs/higgs/distributions/bdt_uf/distribution__c8__DiMuonMass__logY.png><./fig
s/higgs/distributions/bdt_uf/distribution__c9__DiMuonMass__logY.png><./figs/higg
s/distributions/bdt_uf/distribution__c10__DiMuonMass__logY.png><./figs/higgs/dis
tributions/bdt_uf/distribution__c11__DiMuonMass__logY.png>] [28

] [29

]
[30

] [31

] (./defense.toc) [32

]
<figs/hf/slide_1.jpg, id=1169, 746.01291pt x 559.50967pt>
File: figs/hf/slide_1.jpg Graphic file (type jpg)

<use figs/hf/slide_1.jpg>
Package pdftex.def Info: figs/hf/slide_1.jpg used on input line 631.
(pdftex.def)             Requested size: 245.83214pt x 176.9807pt.
 [33

<./figs/hf/slide_1.jpg>]
File: figs/hf/slide_1.jpg Graphic file (type jpg)

<use figs/hf/slide_1.jpg>
Package pdftex.def Info: figs/hf/slide_1.jpg used on input line 655.
(pdftex.def)             Requested size: 149.06334pt x 110.6108pt.

Overfull \hbox (1.48032pt too wide) detected at line 655
[][][] [][][][][][][][][] [][][][][][][] 
 []

[34

] <figs/hf/HFWedge.png, id=1235, 408.3255pt x 510.708pt>
File: figs/hf/HFWedge.png Graphic file (type png)

<use figs/hf/HFWedge.png>
Package pdftex.def Info: figs/hf/HFWedge.png used on input line 688.
(pdftex.def)             Requested size: 106.47365pt x 154.85785pt.

Overfull \vbox (6.64658pt too high) detected at line 688
 []

[35

<./figs/hf/HFWedge.png>]
<figs/hf/Calorimeter_Wedges.jpg, id=1269, 433.62pt x 291.2481pt>
File: figs/hf/Calorimeter_Wedges.jpg Graphic file (type jpg)

<use figs/hf/Calorimeter_Wedges.jpg>
Package pdftex.def Info: figs/hf/Calorimeter_Wedges.jpg used on input line 694.
(pdftex.def)             Requested size: 245.83604pt x 176.98557pt.
 [36

<./figs/hf/Calorimeter_Wedges.jpg>]
[37

] [38

] <figs/sourcing/Signal_ReelPos.png, id=1367, 469.755pt x 243.91125pt>
File: figs/sourcing/Signal_ReelPos.png Graphic file (type png)

<use figs/sourcing/Signal_ReelPos.png>
Package pdftex.def Info: figs/sourcing/Signal_ReelPos.png used on input line 738
.
(pdftex.def)             Requested size: 146.02394pt x 88.48906pt.

<figs/sourcing/Signal_Histogram.png, id=1368, 512.66531pt x 283.81032pt>
File: figs/sourcing/Signal_Histogram.png Graphic file (type png)

<use figs/sourcing/Signal_Histogram.png>
Package pdftex.def Info: figs/sourcing/Signal_Histogram.png used on input line 7
38.
(pdftex.def)             Requested size: 146.02507pt x 88.48695pt.
 [39

<./figs/sourcing/Signal_ReelPos.png><./figs/sourcing/Signal_Histogram.png>]
<figs/sourcing/2013/HFM_2013_Res_EM.png, id=1401, 431.211pt x 392.06474pt>
File: figs/sourcing/2013/HFM_2013_Res_EM.png Graphic file (type png)

<use figs/sourcing/2013/HFM_2013_Res_EM.png>
Package pdftex.def Info: figs/sourcing/2013/HFM_2013_Res_EM.png used on input li
ne 783.
(pdftex.def)             Requested size: 86.0367pt x 77.42445pt.

<figs/sourcing/2013/HFM_2013_Res_H.png, id=1402, 334.24875pt x 307.1475pt>
File: figs/sourcing/2013/HFM_2013_Res_H.png Graphic file (type png)

<use figs/sourcing/2013/HFM_2013_Res_H.png>
Package pdftex.def Info: figs/sourcing/2013/HFM_2013_Res_H.png used on input lin
e 783.
(pdftex.def)             Requested size: 86.04068pt x 77.42876pt.

<figs/sourcing/2013/QIE_Res_EM.png, id=1403, 254.1495pt x 240.29774pt>
File: figs/sourcing/2013/QIE_Res_EM.png Graphic file (type png)

<use figs/sourcing/2013/QIE_Res_EM.png>
Package pdftex.def Info: figs/sourcing/2013/QIE_Res_EM.png used on input line 78
3.
(pdftex.def)             Requested size: 91.26494pt x 66.36624pt.

<figs/sourcing/2013/QIE_Res_H.png, id=1404, 244.5135pt x 229.45724pt>
File: figs/sourcing/2013/QIE_Res_H.png Graphic file (type png)

<use figs/sourcing/2013/QIE_Res_H.png>
Package pdftex.def Info: figs/sourcing/2013/QIE_Res_H.png used on input line 783
.
(pdftex.def)             Requested size: 91.267pt x 66.36583pt.

Overfull \vbox (0.56094pt too high) detected at line 783
 []

[40

<./figs/sourcing/2013/HFM_2013_Res_EM.png><./figs/sourcing/2013/HFM_2013_Res_H.p
ng><./figs/sourcing/2013/QIE_Res_EM.png><./figs/sourcing/2013/QIE_Res_H.png>]
<figs/sourcing/2014/Signal_@OV2_TT0_withoutOF_FORDN.png, id=1438, 431.36156pt x
 302.63063pt>
File: figs/sourcing/2014/Signal_@OV2_TT0_withoutOF_FORDN.png Graphic file (type 
png)
 <use figs/sourcing/2014/Signal_@OV2_TT0_withoutOF_FORDN.png>
Package pdftex.def Info: figs/sourcing/2014/Signal_@OV2_TT0_withoutOF_FORDN.png 
used on input line 807.
(pdftex.def)             Requested size: 106.47763pt x 66.36652pt.

<figs/sourcing/2014/ADC2GeV_OV2_TT0_withoutOF_FORDN.png, id=1439, 431.36156pt x
 283.81032pt>
File: figs/sourcing/2014/ADC2GeV_OV2_TT0_withoutOF_FORDN.png Graphic file (type 
png)
 <use figs/sourcing/2014/ADC2GeV_OV2_TT0_withoutOF_FORDN.png>
Package pdftex.def Info: figs/sourcing/2014/ADC2GeV_OV2_TT0_withoutOF_FORDN.png 
used on input line 807.
(pdftex.def)             Requested size: 106.47763pt x 66.3663pt.

[41

<./figs/sourcing/2014/Signal_@OV2_TT0_withoutOF_FORDN.png><./figs/sourcing/2014/
ADC2GeV_OV2_TT0_withoutOF_FORDN.png>] [42

] [43

]
<figs/hfbfield/HFM_SignalVSfield.png, id=1538, 457.71pt x 313.17pt>
File: figs/hfbfield/HFM_SignalVSfield.png Graphic file (type png)

<use figs/hfbfield/HFM_SignalVSfield.png>
Package pdftex.def Info: figs/hfbfield/HFM_SignalVSfield.png used on input line 
857.
(pdftex.def)             Requested size: 152.10634pt x 88.48979pt.

<figs/hfbfield/HFP_SignalVSfield.png, id=1539, 468.24937pt x 322.20375pt>
File: figs/hfbfield/HFP_SignalVSfield.png Graphic file (type png)

<use figs/hfbfield/HFP_SignalVSfield.png>
Package pdftex.def Info: figs/hfbfield/HFP_SignalVSfield.png used on input line 
857.
(pdftex.def)             Requested size: 152.10779pt x 88.49077pt.
 [44

<./figs/hfbfield/HFM_SignalVSfield.png><./figs/hfbfield/HFP_SignalVSfield.png>]
 [45

] (./defense.toc) [46

]
<figs/siw/SHE_70_20.png, id=1640, 417.81094pt x 268.00125pt>
File: figs/siw/SHE_70_20.png Graphic file (type png)

<use figs/siw/SHE_70_20.png>
Package pdftex.def Info: figs/siw/SHE_70_20.png used on input line 890.
(pdftex.def)             Requested size: 100.39142pt x 66.36629pt.

<figs/scatter_3d/scatter_3D_8GeV.png, id=1641, 602.7318pt x 467.5869pt>
File: figs/scatter_3d/scatter_3D_8GeV.png Graphic file (type png)

<use figs/scatter_3d/scatter_3D_8GeV.png>
Package pdftex.def Info: figs/scatter_3d/scatter_3D_8GeV.png used on input line 
890.
(pdftex.def)             Requested size: 100.38454pt x 88.48569pt.

<figs/siw/HGC_45_45.png, id=1642, 411.03563pt x 346.29375pt>
File: figs/siw/HGC_45_45.png Graphic file (type png)

<use figs/siw/HGC_45_45.png>
Package pdftex.def Info: figs/siw/HGC_45_45.png used on input line 890.
(pdftex.def)             Requested size: 100.38788pt x 66.36716pt.

<figs/scatter_3d/scatter_3D_50GeV.png, id=1643, 638.1441pt x 454.5783pt>
File: figs/scatter_3d/scatter_3D_50GeV.png Graphic file (type png)

<use figs/scatter_3d/scatter_3D_50GeV.png>
Package pdftex.def Info: figs/scatter_3d/scatter_3D_50GeV.png used on input line
 890.
(pdftex.def)             Requested size: 100.39137pt x 88.48634pt.

<figs/siw/HGC_70_20.png, id=1644, 417.05812pt x 328.22626pt>
File: figs/siw/HGC_70_20.png Graphic file (type png)

<use figs/siw/HGC_70_20.png>
Package pdftex.def Info: figs/siw/HGC_70_20.png used on input line 890.
(pdftex.def)             Requested size: 100.38872pt x 66.36528pt.

<figs/scatter_3d/scatter_3D_60GeV.png, id=1645, 583.2189pt x 449.5194pt>
File: figs/scatter_3d/scatter_3D_60GeV.png Graphic file (type png)

<use figs/scatter_3d/scatter_3D_60GeV.png>
Package pdftex.def Info: figs/scatter_3d/scatter_3D_60GeV.png used on input line
 890.
(pdftex.def)             Requested size: 100.39178pt x 88.48244pt.
 [47

<./figs/siw/SHE_70_20.png><./figs/scatter_3d/scatter_3D_8GeV.png><./figs/siw/HGC
_45_45.png><./figs/scatter_3d/scatter_3D_50GeV.png><./figs/siw/HGC_70_20.png><./
figs/scatter_3d/scatter_3D_60GeV.png>]
<figs/shashlik_fullscale/Shashlik+HE_Complete_Wire.png, id=1682, 423.08063pt x 
426.09187pt>
File: figs/shashlik_fullscale/Shashlik+HE_Complete_Wire.png Graphic file (type p
ng)
 <use figs/shashlik_fullscale/Shashlik+HE_Complete_Wire.png>
Package pdftex.def Info: figs/shashlik_fullscale/Shashlik+HE_Complete_Wire.png u
sed on input line 917.
(pdftex.def)             Requested size: 91.26398pt x 88.48718pt.

[48

<./figs/shashlik_fullscale/Shashlik+HE_Complete_Wire.png>] [49

] [50

]
<figs/shashlik_smallscale/energyRecoDistributions.png, id=1781, 1367.1075pt x 6
95.59875pt>
File: figs/shashlik_smallscale/energyRecoDistributions.png Graphic file (type pn
g)
 <use figs/shashlik_smallscale/energyRecoDistributions.png>
Package pdftex.def Info: figs/shashlik_smallscale/energyRecoDistributions.png us
ed on input line 948.
(pdftex.def)             Requested size: 121.67844pt x 88.48865pt.

<figs/shashlik_smallscale/energyResolution.png, id=1782, 1367.1075pt x 695.5987
5pt>
File: figs/shashlik_smallscale/energyResolution.png Graphic file (type png)
 <use figs/shashlik_smallscale/energyResolution.png>
Package pdftex.def Info: figs/shashlik_smallscale/energyResolution.png used on i
nput line 948.
(pdftex.def)             Requested size: 121.67844pt x 88.48865pt.
 [51

<./figs/shashlik_smallscale/energyRecoDistributions.png><./figs/shashlik_smallsc
ale/energyResolution.png>]
<figs/he_smallscale/EnergyRECODistributions.png, id=1815, 1367.1075pt x 695.598
75pt>
File: figs/he_smallscale/EnergyRECODistributions.png Graphic file (type png)
 <use figs/he_smallscale/EnergyRECODistributions.png>
Package pdftex.def Info: figs/he_smallscale/EnergyRECODistributions.png used on 
input line 967.
(pdftex.def)             Requested size: 121.67844pt x 88.48865pt.

<figs/he_smallscale/Resolution.png, id=1816, 1367.1075pt x 695.59875pt>
File: figs/he_smallscale/Resolution.png Graphic file (type png)

<use figs/he_smallscale/Resolution.png>
Package pdftex.def Info: figs/he_smallscale/Resolution.png used on input line 96
7.
(pdftex.def)             Requested size: 121.67844pt x 88.48865pt.
 [52

<./figs/he_smallscale/EnergyRECODistributions.png><./figs/he_smallscale/Resoluti
on.png>]
<figs/hgcal_smallscale/Pb/EnergyRECO.png, id=1848, 1367.1075pt x 695.59875pt>
File: figs/hgcal_smallscale/Pb/EnergyRECO.png Graphic file (type png)

<use figs/hgcal_smallscale/Pb/EnergyRECO.png>
Package pdftex.def Info: figs/hgcal_smallscale/Pb/EnergyRECO.png used on input l
ine 987.
(pdftex.def)             Requested size: 121.67844pt x 88.48865pt.

<figs/hgcal_smallscale/Pb/Resolution.png, id=1849, 1367.1075pt x 695.59875pt>
File: figs/hgcal_smallscale/Pb/Resolution.png Graphic file (type png)

<use figs/hgcal_smallscale/Pb/Resolution.png>
Package pdftex.def Info: figs/hgcal_smallscale/Pb/Resolution.png used on input l
ine 987.
(pdftex.def)             Requested size: 121.67844pt x 88.48865pt.
 [53

<./figs/hgcal_smallscale/Pb/EnergyRECO.png><./figs/hgcal_smallscale/Pb/Resolutio
n.png>]
<figs/shashlik_fullscale/SHE_Final.png, id=1881, 415.5525pt x 319.1925pt>
File: figs/shashlik_fullscale/SHE_Final.png Graphic file (type png)

<use figs/shashlik_fullscale/SHE_Final.png>
Package pdftex.def Info: figs/shashlik_fullscale/SHE_Final.png used on input lin
e 1002.
(pdftex.def)             Requested size: 152.10974pt x 99.54771pt.

<figs/shashlik_fullscale/SHE_70_20.png, id=1882, 417.81094pt x 268.00125pt>
File: figs/shashlik_fullscale/SHE_70_20.png Graphic file (type png)

<use figs/shashlik_fullscale/SHE_70_20.png>
Package pdftex.def Info: figs/shashlik_fullscale/SHE_70_20.png used on input lin
e 1002.
(pdftex.def)             Requested size: 152.11401pt x 99.5474pt.

<figs/hgcal_fullscale/HGC_20_70.png, id=1883, 377.15906pt x 327.47343pt>
File: figs/hgcal_fullscale/HGC_20_70.png Graphic file (type png)

<use figs/hgcal_fullscale/HGC_20_70.png>
Package pdftex.def Info: figs/hgcal_fullscale/HGC_20_70.png used on input line 1
002.
(pdftex.def)             Requested size: 152.10977pt x 99.54695pt.

<figs/hgcal_fullscale/HGC_45_45.png, id=1884, 411.03563pt x 346.29375pt>
File: figs/hgcal_fullscale/HGC_45_45.png Graphic file (type png)

<use figs/hgcal_fullscale/HGC_45_45.png>
Package pdftex.def Info: figs/hgcal_fullscale/HGC_45_45.png used on input line 1
002.
(pdftex.def)             Requested size: 152.10588pt x 99.55075pt.

Overfull \vbox (6.55054pt too high) detected at line 1002
 []

[54

<./figs/shashlik_fullscale/SHE_Final.png><./figs/shashlik_fullscale/SHE_70_20.pn
g><./figs/hgcal_fullscale/HGC_20_70.png><./figs/hgcal_fullscale/HGC_45_45.png>]

<figs/hgcal_fullscale/PtFraction_wDEC.png, id=1918, 833.36343pt x 590.95781pt>
File: figs/hgcal_fullscale/PtFraction_wDEC.png Graphic file (type png)

<use figs/hgcal_fullscale/PtFraction_wDEC.png>
Package pdftex.def Info: figs/hgcal_fullscale/PtFraction_wDEC.png used on input 
line 1017.
(pdftex.def)             Requested size: 122.91368pt x 88.48654pt.

<figs/hgcal_fullscale/RECO_EffVsEta.png, id=1919, 727.96968pt x 544.28343pt>
File: figs/hgcal_fullscale/RECO_EffVsEta.png Graphic file (type png)

<use figs/hgcal_fullscale/RECO_EffVsEta.png>
Package pdftex.def Info: figs/hgcal_fullscale/RECO_EffVsEta.png used on input li
ne 1017.
(pdftex.def)             Requested size: 122.909pt x 88.48238pt.

<figs/shashlik_fullscale/PtFraction.png, id=1920, 885.3075pt x 581.92406pt>
File: figs/shashlik_fullscale/PtFraction.png Graphic file (type png)

<use figs/shashlik_fullscale/PtFraction.png>
Package pdftex.def Info: figs/shashlik_fullscale/PtFraction.png used on input li
ne 1017.
(pdftex.def)             Requested size: 122.91554pt x 88.48357pt.

<figs/shashlik_fullscale/RECOEffVsEta.png, id=1921, 723.45282pt x 559.33969pt>
File: figs/shashlik_fullscale/RECOEffVsEta.png Graphic file (type png)

<use figs/shashlik_fullscale/RECOEffVsEta.png>
Package pdftex.def Info: figs/shashlik_fullscale/RECOEffVsEta.png used on input 
line 1017.
(pdftex.def)             Requested size: 122.90808pt x 88.48053pt.

Overfull \vbox (4.64844pt too high) detected at line 1017
 []

[55

<./figs/hgcal_fullscale/PtFraction_wDEC.png><./figs/hgcal_fullscale/RECO_EffVsEt
a.png><./figs/shashlik_fullscale/PtFraction.png><./figs/shashlik_fullscale/RECOE
ffVsEta.png>]
<figs/shashlik_fullscale/XY_EMM_SURF.png, id=1954, 912.40875pt x 564.60938pt>
File: figs/shashlik_fullscale/XY_EMM_SURF.png Graphic file (type png)

<use figs/shashlik_fullscale/XY_EMM_SURF.png>
Package pdftex.def Info: figs/shashlik_fullscale/XY_EMM_SURF.png used on input l
ine 1036.
(pdftex.def)             Requested size: 152.10023pt x 99.54903pt.

<figs/shashlik_fullscale/XY_EMP_colz.png, id=1955, 898.10532pt x 555.57562pt>
File: figs/shashlik_fullscale/XY_EMP_colz.png Graphic file (type png)

<use figs/shashlik_fullscale/XY_EMP_colz.png>
Package pdftex.def Info: figs/shashlik_fullscale/XY_EMP_colz.png used on input l
ine 1036.
(pdftex.def)             Requested size: 152.10031pt x 99.54999pt.
 [56

<./figs/shashlik_fullscale/XY_EMM_SURF.png><./figs/shashlik_fullscale/XY_EMP_col
z.png>] [57

]
\tf@nav=\write6

\openout6 = defense.nav
\tf@toc=\write7

\openout7 = defense.toc
\tf@snm=\write8

\openout8 = defense.snm
Package atveryend Info: Empty hook `BeforeClearDocument' on input line 1134.
Package atveryend Info: Empty hook `AfterLastShipout' on input line 1134.
 (./defense.aux)
Package atveryend Info: Executing hook `AtVeryEndDocument' on input line 1134.
Package atveryend Info: Executing hook `AtEndAfterFileList' on input line 1134.
Package rerunfilecheck Info: File `defense.out' has not changed.
(rerunfilecheck)             Checksum: 004DDD63052640CEA98B8156FCCD8041;237.
Package atveryend Info: Empty hook `AtVeryVeryEnd' on input line 1134.
)

Here is how much of LuaTeX's memory you used:
 30462 strings out of 494693
 100000,662416 words of node,token memory allocated
 6213 words of node memory still in use:
   83 hlist, 19 vlist, 6 rule, 35 disc, 1 math, 188 glue, 40 kern, 30 penalty, 3
86 glyph, 143 glue_spec, 5 action, 3 write, 12 local_par, 14 pdf_literal, 7 pdf_
refxform, 5 pdf_start_link, 5 pdf_end_link, 64 pdf_colorstack nodes
   avail lists: 2:34,3:705,4:1027,5:219,6:1625,7:46,8:39,9:411,10:170
 32460 multiletter control sequences out of 65536+600000
 85 fonts using 3349699 bytes
 56i,19n,68p,1193b,822s stack positions out of 5000i,500n,10000p,200000b,100000s
{/usr/local/texlive/2015/texmf-dist/fonts/enc/dvips/base/8r.enc}<</usr/local/tex
live/2015/texmf-dist/fonts/type1/public/amsfonts/cmextra/cmex9.pfb><</usr/local/
texlive/2015/texmf-dist/fonts/type1/public/amsfonts/cm/cmmi5.pfb><</usr/local/te
xlive/2015/texmf-dist/fonts/type1/public/amsfonts/cm/cmmi6.pfb><</usr/local/texl
ive/2015/texmf-dist/fonts/type1/public/amsfonts/cm/cmmi7.pfb><</usr/local/texliv
e/2015/texmf-dist/fonts/type1/public/amsfonts/cm/cmmi8.pfb><</usr/local/texlive/
2015/texmf-dist/fonts/type1/public/amsfonts/cm/cmmi9.pfb><</usr/local/texlive/20
15/texmf-dist/fonts/type1/public/amsfonts/cm/cmss8.pfb><</usr/local/texlive/2015
/texmf-dist/fonts/type1/public/amsfonts/cm/cmss9.pfb><</usr/local/texlive/2015/t
exmf-dist/fonts/type1/public/amsfonts/cm/cmsy5.pfb><</usr/local/texlive/2015/tex
mf-dist/fonts/type1/public/amsfonts/cm/cmsy6.pfb><</usr/local/texlive/2015/texmf
-dist/fonts/type1/public/amsfonts/cm/cmsy7.pfb><</usr/local/texlive/2015/texmf-d
ist/fonts/type1/public/amsfonts/cm/cmsy8.pfb><</usr/local/texlive/2015/texmf-dis
t/fonts/type1/public/amsfonts/cm/cmsy9.pfb><</usr/local/texlive/2015/texmf-dist/
fonts/type1/urw/courier/ucrr8a.pfb><</usr/local/texlive/2015/texmf-dist/fonts/ty
pe1/urw/helvetic/uhvr8a.pfb><</usr/local/texlive/2015/texmf-dist/fonts/type1/urw
/helvetic/uhvro8a.pfb>
Output written on defense.pdf (57 pages, 5684290 bytes).

PDF statistics: 2081 PDF objects out of 2487 (max. 8388607)
 1889 compressed objects within 19 object streams
 125 named destinations out of 1000 (max. 131072)
 100 words of extra memory for PDF output out of 10000 (max. 10000000)

